{"logTime": "0216/155000", "correlationVector":"zyK86yb3nNOCTaL/jVvdAT.98","action":"GetUpdates", "result":"DeleteReceived", "context":{"id":"3b88e9b2-942d-4163-8794-a40855a0e4fb", "isDeleted:":"true", "version":"1707271438382"}}
{"logTime": "0216/155000", "correlationVector":"zyK86yb3nNOCTaL/jVvdAT.99","action":"GetUpdates", "result":"DeleteReceived", "context":{"id":"39124339-0082-4bd2-9fb9-40fc61c56259", "isDeleted:":"true", "version":"1707271746946"}}
{"logTime": "0216/155000", "correlationVector":"zyK86yb3nNOCTaL/jVvdAT.100","action":"GetUpdates", "result":"DeleteReceived", "context":{"id":"7dbecc55-0b91-48c2-b58f-2dae53c58776", "isDeleted:":"true", "version":"1707313102898"}}
{"logTime": "0216/155000", "correlationVector":"zyK86yb3nNOCTaL/jVvdAT.101","action":"GetUpdates", "result":"DeleteReceived", "context":{"id":"9f5a12ad-4b38-4c8c-b6ef-42958019fffc", "isDeleted:":"true", "version":"1707313596977"}}
{"logTime": "0216/155000", "correlationVector":"zyK86yb3nNOCTaL/jVvdAT.102","action":"GetUpdates", "result":"DeleteReceived", "context":{"id":"53584874-98af-40da-bb47-c2c2b0c39f50", "isDeleted:":"true", "version":"1707313636679"}}
{"logTime": "0216/155000", "correlationVector":"zyK86yb3nNOCTaL/jVvdAT.103","action":"GetUpdates", "result":"DeleteReceived", "context":{"id":"636aec42-eca1-4090-8aa7-9e0b374821c0", "isDeleted:":"true", "version":"1707314789183"}}
{"logTime": "0216/155000", "correlationVector":"zyK86yb3nNOCTaL/jVvdAT.104","action":"GetUpdates", "result":"DeleteReceived", "context":{"id":"78e694d0-bf98-45e6-b3b2-9634f255eb30", "isDeleted:":"true", "version":"1707316162800"}}
{"logTime": "0216/155000", "correlationVector":"zyK86yb3nNOCTaL/jVvdAT.105","action":"GetUpdates", "result":"DeleteReceived", "context":{"id":"af20bb9f-62ea-415b-8d39-bd7542d19ebc", "isDeleted:":"true", "version":"1707316534539"}}
{"logTime": "0216/155000", "correlationVector":"zyK86yb3nNOCTaL/jVvdAT.106","action":"GetUpdates", "result":"DeleteReceived", "context":{"id":"c3c29adc-4868-4e70-aad8-8cbfd3941888", "isDeleted:":"true", "version":"1707319065196"}}
{"logTime": "0216/155000", "correlationVector":"zyK86yb3nNOCTaL/jVvdAT.107","action":"GetUpdates", "result":"DeleteReceived", "context":{"id":"6779c78a-b835-480b-8e94-12aca613d2dd", "isDeleted:":"true", "version":"1707320298209"}}
{"logTime": "0216/155000", "correlationVector":"zyK86yb3nNOCTaL/jVvdAT.108","action":"GetUpdates", "result":"DeleteReceived", "context":{"id":"b922bd82-5b62-42f1-89d1-1759fadfbdef", "isDeleted:":"true", "version":"1707368200426"}}
{"logTime": "0216/155000", "correlationVector":"zyK86yb3nNOCTaL/jVvdAT.109","action":"GetUpdates", "result":"DeleteReceived", "context":{"id":"2eaf4c1e-efed-45d6-98ad-95ab102d7f34", "isDeleted:":"true", "version":"1707368200428"}}
{"logTime": "0216/155000", "correlationVector":"zyK86yb3nNOCTaL/jVvdAT.110","action":"GetUpdates", "result":"DeleteReceived", "context":{"id":"1244aa64-48cf-4983-b15b-156743a4f15c", "isDeleted:":"true", "version":"1707392878622"}}
{"logTime": "0216/155000", "correlationVector":"zyK86yb3nNOCTaL/jVvdAT.111","action":"GetUpdates", "result":"DeleteReceived", "context":{"id":"f46c08ef-d2a7-4086-b835-a5d981d50303", "isDeleted:":"true", "version":"1707392923690"}}
{"logTime": "0216/155000", "correlationVector":"zyK86yb3nNOCTaL/jVvdAT.112","action":"GetUpdates", "result":"DeleteReceived", "context":{"id":"bac30688-3928-4d0c-b183-e34bf927218f", "isDeleted:":"true", "version":"1707393918395"}}
{"logTime": "0216/155000", "correlationVector":"zyK86yb3nNOCTaL/jVvdAT.113","action":"GetUpdates", "result":"DeleteReceived", "context":{"id":"15dd6119-e126-4c6e-b84d-410e39e8fa1b", "isDeleted:":"true", "version":"1707395517394"}}
{"logTime": "0216/155000", "correlationVector":"zyK86yb3nNOCTaL/jVvdAT.114","action":"GetUpdates", "result":"DeleteReceived", "context":{"id":"ae66af3d-9163-4f86-8ae0-93141d1d01a0", "isDeleted:":"true", "version":"1707395517395"}}
{"logTime": "0216/155000", "correlationVector":"zyK86yb3nNOCTaL/jVvdAT.115","action":"GetUpdates", "result":"DeleteReceived", "context":{"id":"f585b3dd-df04-4c30-b351-ff0f4c7fe31e", "isDeleted:":"true", "version":"1707395617284"}}
{"logTime": "0216/155000", "correlationVector":"zyK86yb3nNOCTaL/jVvdAT.116","action":"GetUpdates", "result":"DeleteReceived", "context":{"id":"e302ffb1-61fa-4498-b527-554ae82b20f6", "isDeleted:":"true", "version":"1707396672587"}}
{"logTime": "0216/155000", "correlationVector":"zyK86yb3nNOCTaL/jVvdAT.117","action":"GetUpdates", "result":"DeleteReceived", "context":{"id":"ccdcde42-bffa-4923-88f2-07630271ef12", "isDeleted:":"true", "version":"1707396892323"}}
{"logTime": "0216/155000", "correlationVector":"zyK86yb3nNOCTaL/jVvdAT.118","action":"GetUpdates", "result":"DeleteReceived", "context":{"id":"7cb8a1d4-d0d6-45a8-8170-7390da115707", "isDeleted:":"true", "version":"1707397322235"}}
{"logTime": "0216/155000", "correlationVector":"zyK86yb3nNOCTaL/jVvdAT.119","action":"GetUpdates", "result":"DeleteReceived", "context":{"id":"b26a5567-1015-4484-b40e-8bf20ba37b94", "isDeleted:":"true", "version":"1707398423721"}}
{"logTime": "0216/155000", "correlationVector":"zyK86yb3nNOCTaL/jVvdAT.120","action":"GetUpdates", "result":"DeleteReceived", "context":{"id":"7dd7af6f-7ece-470d-9573-1b91cd480173", "isDeleted:":"true", "version":"1707398423723"}}
{"logTime": "0216/155000", "correlationVector":"zyK86yb3nNOCTaL/jVvdAT.121","action":"GetUpdates", "result":"DeleteReceived", "context":{"id":"bb3a63dd-f1ae-4ca5-be94-f9c568682496", "isDeleted:":"true", "version":"1707398423724"}}
{"logTime": "0216/155000", "correlationVector":"zyK86yb3nNOCTaL/jVvdAT.122","action":"GetUpdates", "result":"DeleteReceived", "context":{"id":"fc6f0625-ec01-48b7-b1fc-4485da784649", "isDeleted:":"true", "version":"1707399434376"}}
{"logTime": "0216/155000", "correlationVector":"zyK86yb3nNOCTaL/jVvdAT.123","action":"GetUpdates", "result":"DeleteReceived", "context":{"id":"7f3485a4-d5d6-4e9d-82d0-6367b496b189", "isDeleted:":"true", "version":"1707399981301"}}
{"logTime": "0216/155000", "correlationVector":"zyK86yb3nNOCTaL/jVvdAT.124","action":"GetUpdates", "result":"DeleteReceived", "context":{"id":"c32c0ada-4fa8-4634-b210-90a17bfe7721", "isDeleted:":"true", "version":"1707400199866"}}
{"logTime": "0216/155000", "correlationVector":"zyK86yb3nNOCTaL/jVvdAT.125","action":"GetUpdates", "result":"DeleteReceived", "context":{"id":"22a1142f-f750-47a6-9ce1-4d19de1ef787", "isDeleted:":"true", "version":"1707401234495"}}
{"logTime": "0216/155000", "correlationVector":"zyK86yb3nNOCTaL/jVvdAT.126","action":"GetUpdates", "result":"DeleteReceived", "context":{"id":"2733981a-9974-4329-9d09-6c6da569c565", "isDeleted:":"true", "version":"1707404472270"}}
{"logTime": "0216/155000", "correlationVector":"zyK86yb3nNOCTaL/jVvdAT.127","action":"GetUpdates", "result":"DeleteReceived", "context":{"id":"5120a2f5-9ba1-4343-8c66-ebe8e488248b", "isDeleted:":"true", "version":"1707406016159"}}
{"logTime": "0216/155000", "correlationVector":"zyK86yb3nNOCTaL/jVvdAT.128","action":"GetUpdates", "result":"DeleteReceived", "context":{"id":"1c4d290c-b2e3-47fd-80fc-3bbe77bdf9aa", "isDeleted:":"true", "version":"1707406016160"}}
{"logTime": "0216/155000", "correlationVector":"zyK86yb3nNOCTaL/jVvdAT.129","action":"GetUpdates", "result":"DeleteReceived", "context":{"id":"54271c2f-4021-42f4-b1ac-ca4d0e94db34", "isDeleted:":"true", "version":"1707406016162"}}
{"logTime": "0216/155000", "correlationVector":"zyK86yb3nNOCTaL/jVvdAT.130","action":"GetUpdates", "result":"DeleteReceived", "context":{"id":"6090707c-97b4-4425-b735-81336c27baf6", "isDeleted:":"true", "version":"1707407158521"}}
{"logTime": "0216/155000", "correlationVector":"zyK86yb3nNOCTaL/jVvdAT.131","action":"GetUpdates", "result":"DeleteReceived", "context":{"id":"01485748-62e2-4eb6-90bf-744e1a0953e4", "isDeleted:":"true", "version":"1707407323856"}}
{"logTime": "0216/155000", "correlationVector":"zyK86yb3nNOCTaL/jVvdAT.132","action":"GetUpdates", "result":"DeleteReceived", "context":{"id":"a0333760-6ac2-48d6-99f6-6a55c4f21ec5", "isDeleted:":"true", "version":"1707408292876"}}
{"logTime": "0216/155000", "correlationVector":"zyK86yb3nNOCTaL/jVvdAT.133","action":"GetUpdates", "result":"DeleteReceived", "context":{"id":"32346988-ab8f-4012-827d-af11aaf0c205", "isDeleted:":"true", "version":"1707408400415"}}
{"logTime": "0216/155000", "correlationVector":"zyK86yb3nNOCTaL/jVvdAT.134","action":"GetUpdates", "result":"DeleteReceived", "context":{"id":"48dc798e-2dda-4402-b049-230f3639e9a5", "isDeleted:":"true", "version":"1707408501256"}}
{"logTime": "0216/155000", "correlationVector":"zyK86yb3nNOCTaL/jVvdAT.135","action":"GetUpdates", "result":"DeleteReceived", "context":{"id":"460dae22-9340-452c-8497-6961d5b425ef", "isDeleted:":"true", "version":"1707408501257"}}
{"logTime": "0216/155000", "correlationVector":"zyK86yb3nNOCTaL/jVvdAT.136","action":"GetUpdates", "result":"DeleteReceived", "context":{"id":"096cceed-c5c7-4f27-bb36-b8e74a69b98e", "isDeleted:":"true", "version":"1707410463109"}}
{"logTime": "0216/155000", "correlationVector":"zyK86yb3nNOCTaL/jVvdAT.137","action":"GetUpdates", "result":"DeleteReceived", "context":{"id":"da400f34-e470-48f1-8400-ccfdfaca37df", "isDeleted:":"true", "version":"1707411737510"}}
{"logTime": "0216/155000", "correlationVector":"zyK86yb3nNOCTaL/jVvdAT.138","action":"GetUpdates", "result":"DeleteReceived", "context":{"id":"31bf1b0a-2b37-43f8-a863-8a44ef439cb0", "isDeleted:":"true", "version":"1707412118436"}}
{"logTime": "0216/155000", "correlationVector":"zyK86yb3nNOCTaL/jVvdAT.139","action":"GetUpdates", "result":"DeleteReceived", "context":{"id":"62a4871e-d5cb-40ba-96e6-eef6871e6d73", "isDeleted:":"true", "version":"1707447550714"}}
{"logTime": "0216/155000", "correlationVector":"zyK86yb3nNOCTaL/jVvdAT.140","action":"GetUpdates", "result":"DeleteReceived", "context":{"id":"d0f4ff16-4b45-4060-87e0-3839c705c200", "isDeleted:":"true", "version":"1707451103166"}}
{"logTime": "0216/155000", "correlationVector":"zyK86yb3nNOCTaL/jVvdAT.141","action":"GetUpdates", "result":"DeleteReceived", "context":{"id":"8b64c056-f36c-41d6-ac71-49005219b71b", "isDeleted:":"true", "version":"1707451183658"}}
{"logTime": "0216/155000", "correlationVector":"zyK86yb3nNOCTaL/jVvdAT.142","action":"GetUpdates", "result":"DeleteReceived", "context":{"id":"160cc74a-a5e6-4f6f-b303-ada91c2cd824", "isDeleted:":"true", "version":"1707451183660"}}
{"logTime": "0216/155000", "correlationVector":"zyK86yb3nNOCTaL/jVvdAT.143","action":"GetUpdates", "result":"DeleteReceived", "context":{"id":"6fd09b2c-beeb-421e-a7fd-b58d5a316b48", "isDeleted:":"true", "version":"1707451252195"}}
{"logTime": "0216/155000", "correlationVector":"zyK86yb3nNOCTaL/jVvdAT.144","action":"GetUpdates", "result":"DeleteReceived", "context":{"id":"8a00af39-9e88-4af4-bdc8-5861634bcae7", "isDeleted:":"true", "version":"1707451252196"}}
{"logTime": "0216/155000", "correlationVector":"zyK86yb3nNOCTaL/jVvdAT.145","action":"GetUpdates", "result":"DeleteReceived", "context":{"id":"bc32907e-ef04-4e0e-8a48-f8abf71627d8", "isDeleted:":"true", "version":"1707451252198"}}
{"logTime": "0216/155000", "correlationVector":"zyK86yb3nNOCTaL/jVvdAT.146","action":"GetUpdates", "result":"DeleteReceived", "context":{"id":"0537acb8-7a0c-4f94-b6cd-076280a61b67", "isDeleted:":"true", "version":"1707451372516"}}
{"logTime": "0216/155000", "correlationVector":"zyK86yb3nNOCTaL/jVvdAT.147","action":"GetUpdates", "result":"DeleteReceived", "context":{"id":"f6a22d07-1bc3-4bd3-996f-0294dcb87b33", "isDeleted:":"true", "version":"1707451549392"}}
{"logTime": "0216/155000", "correlationVector":"zyK86yb3nNOCTaL/jVvdAT.148","action":"GetUpdates", "result":"DeleteReceived", "context":{"id":"70328217-6e99-4380-9384-6f6394a8d6f2", "isDeleted:":"true", "version":"1707451549396"}}
{"logTime": "0216/155000", "correlationVector":"zyK86yb3nNOCTaL/jVvdAT.149","action":"GetUpdates", "result":"DeleteReceived", "context":{"id":"6dc376ba-5032-405f-9ca2-99b525c87a16", "isDeleted:":"true", "version":"1707451649082"}}
{"logTime": "0216/155000", "correlationVector":"zyK86yb3nNOCTaL/jVvdAT.150","action":"GetUpdates", "result":"DeleteReceived", "context":{"id":"fe254879-576e-4822-9984-7f723b688e23", "isDeleted:":"true", "version":"1707451649085"}}
{"logTime": "0216/155000", "correlationVector":"zyK86yb3nNOCTaL/jVvdAT.151","action":"GetUpdates", "result":"DeleteReceived", "context":{"id":"c42fb030-8db3-4a96-b192-d76997575a9c", "isDeleted:":"true", "version":"1707451726488"}}
{"logTime": "0216/155000", "correlationVector":"zyK86yb3nNOCTaL/jVvdAT.152","action":"GetUpdates", "result":"DeleteReceived", "context":{"id":"d4705fba-6410-4151-af42-08495aecdd66", "isDeleted:":"true", "version":"1707451768009"}}
{"logTime": "0216/155000", "correlationVector":"zyK86yb3nNOCTaL/jVvdAT.153","action":"GetUpdates", "result":"DeleteReceived", "context":{"id":"910d4ec9-92d1-4b15-b77a-fafcc661b125", "isDeleted:":"true", "version":"1707452098137"}}
{"logTime": "0216/155000", "correlationVector":"zyK86yb3nNOCTaL/jVvdAT.154","action":"GetUpdates", "result":"DeleteReceived", "context":{"id":"15cede28-ad3f-4773-bb67-074e3b4b7285", "isDeleted:":"true", "version":"1707452098138"}}
{"logTime": "0216/155000", "correlationVector":"zyK86yb3nNOCTaL/jVvdAT.155","action":"GetUpdates", "result":"DeleteReceived", "context":{"id":"90be6857-ed79-402d-a741-e26a95131db8", "isDeleted:":"true", "version":"1707452098139"}}
{"logTime": "0216/155000", "correlationVector":"zyK86yb3nNOCTaL/jVvdAT.156","action":"GetUpdates", "result":"DeleteReceived", "context":{"id":"44e3aad9-afc0-4e4a-9ba2-ffdb422a3a08", "isDeleted:":"true", "version":"1707452098144"}}
{"logTime": "0216/155000", "correlationVector":"zyK86yb3nNOCTaL/jVvdAT.157","action":"GetUpdates", "result":"DeleteReceived", "context":{"id":"fd9ba7b8-4986-4496-b7cd-d9f7bd7c382c", "isDeleted:":"true", "version":"1707452137697"}}
{"logTime": "0216/155000", "correlationVector":"zyK86yb3nNOCTaL/jVvdAT.158","action":"GetUpdates", "result":"DeleteReceived", "context":{"id":"421b85d9-156c-4d8f-b32c-aa6e34a2266d", "isDeleted:":"true", "version":"1707452213402"}}
{"logTime": "0216/155000", "correlationVector":"zyK86yb3nNOCTaL/jVvdAT.159","action":"GetUpdates", "result":"DeleteReceived", "context":{"id":"3ba2cb5e-1659-42d3-b684-cec2e633a446", "isDeleted:":"true", "version":"1707452213404"}}
{"logTime": "0216/155000", "correlationVector":"zyK86yb3nNOCTaL/jVvdAT.160","action":"GetUpdates", "result":"DeleteReceived", "context":{"id":"d82855d6-4d78-486d-a66d-40e5b2a490d6", "isDeleted:":"true", "version":"1707454527133"}}
{"logTime": "0216/155000", "correlationVector":"zyK86yb3nNOCTaL/jVvdAT.161","action":"GetUpdates", "result":"DeleteReceived", "context":{"id":"ab60d57e-004d-4177-8a0b-de737f26ef67", "isDeleted:":"true", "version":"1707455242278"}}
{"logTime": "0216/155000", "correlationVector":"zyK86yb3nNOCTaL/jVvdAT.162","action":"GetUpdates", "result":"DeleteReceived", "context":{"id":"a29256cd-237a-4635-8bd8-20e50d718347", "isDeleted:":"true", "version":"1707455242280"}}
{"logTime": "0216/155000", "correlationVector":"zyK86yb3nNOCTaL/jVvdAT.163","action":"GetUpdates", "result":"DeleteReceived", "context":{"id":"75bc2db0-4415-4557-97fe-3ddd79fce5c1", "isDeleted:":"true", "version":"1707477351564"}}
{"logTime": "0216/155000", "correlationVector":"zyK86yb3nNOCTaL/jVvdAT.164","action":"GetUpdates", "result":"DeleteReceived", "context":{"id":"e7877da3-a30e-4e23-919b-1effa1925032", "isDeleted:":"true", "version":"1707482878809"}}
{"logTime": "0216/155000", "correlationVector":"zyK86yb3nNOCTaL/jVvdAT.165","action":"GetUpdates", "result":"DeleteReceived", "context":{"id":"5bdc2523-53f9-485b-9f14-d84d1c141538", "isDeleted:":"true", "version":"1707489995340"}}
{"logTime": "0216/155000", "correlationVector":"zyK86yb3nNOCTaL/jVvdAT.166","action":"GetUpdates", "result":"DeleteReceived", "context":{"id":"6c87bc39-bf3b-4a50-b64f-e919d9e79f8b", "isDeleted:":"true", "version":"1707494959199"}}
{"logTime": "0216/155000", "correlationVector":"zyK86yb3nNOCTaL/jVvdAT.167","action":"GetUpdates", "result":"DeleteReceived", "context":{"id":"854df4fc-e1f8-47f5-b2fb-5afa6e922ba7", "isDeleted:":"true", "version":"1707495491426"}}
{"logTime": "0216/155000", "correlationVector":"zyK86yb3nNOCTaL/jVvdAT.168","action":"GetUpdates", "result":"DeleteReceived", "context":{"id":"33a009ac-48ef-4a72-aae4-93cf200d9689", "isDeleted:":"true", "version":"1707497737147"}}
{"logTime": "0216/155000", "correlationVector":"zyK86yb3nNOCTaL/jVvdAT.169","action":"GetUpdates", "result":"DeleteReceived", "context":{"id":"8840d484-1199-482c-bec9-fad60ab6eabb", "isDeleted:":"true", "version":"1707497780441"}}
{"logTime": "0216/155000", "correlationVector":"zyK86yb3nNOCTaL/jVvdAT.170","action":"GetUpdates", "result":"DeleteReceived", "context":{"id":"b5e17c30-9991-478d-a7ad-525700996ae2", "isDeleted:":"true", "version":"1707500297243"}}
{"logTime": "0216/155000", "correlationVector":"zyK86yb3nNOCTaL/jVvdAT.171","action":"GetUpdates", "result":"DeleteReceived", "context":{"id":"c2086cf7-62d4-4727-a700-1972c8267a35", "isDeleted:":"true", "version":"1707523195673"}}
{"logTime": "0216/155000", "correlationVector":"zyK86yb3nNOCTaL/jVvdAT.172","action":"GetUpdates", "result":"DeleteReceived", "context":{"id":"f58bcbb7-84df-4831-b756-c66a40bd872d", "isDeleted:":"true", "version":"1707523962435"}}
{"logTime": "0216/155000", "correlationVector":"zyK86yb3nNOCTaL/jVvdAT.173","action":"GetUpdates", "result":"DeleteReceived", "context":{"id":"a303d2fc-94cb-4d91-ade0-f30724d152bf", "isDeleted:":"true", "version":"1707537324781"}}
{"logTime": "0216/155000", "correlationVector":"zyK86yb3nNOCTaL/jVvdAT.174","action":"GetUpdates", "result":"DeleteReceived", "context":{"id":"29a5a3d6-801a-4aec-8e6c-ff711f8b9c11", "isDeleted:":"true", "version":"1707539097634"}}
{"logTime": "0216/155000", "correlationVector":"zyK86yb3nNOCTaL/jVvdAT.175","action":"GetUpdates", "result":"DeleteReceived", "context":{"id":"78a2154f-4a50-49f0-bb41-d9662e480760", "isDeleted:":"true", "version":"1707539103402"}}
{"logTime": "0216/155000", "correlationVector":"zyK86yb3nNOCTaL/jVvdAT.176","action":"GetUpdates", "result":"DeleteReceived", "context":{"id":"0165fe98-5352-4a70-80bc-2d9a3f4ed889", "isDeleted:":"true", "version":"1707539779686"}}
{"logTime": "0216/155000", "correlationVector":"zyK86yb3nNOCTaL/jVvdAT.177","action":"GetUpdates", "result":"DeleteReceived", "context":{"id":"ebf5bcd8-34a3-4723-b2ac-fb35564cc3b3", "isDeleted:":"true", "version":"1707564896818"}}
{"logTime": "0216/155000", "correlationVector":"zyK86yb3nNOCTaL/jVvdAT.178","action":"GetUpdates", "result":"DeleteReceived", "context":{"id":"e37f777f-f083-4b6b-a137-6eff2f0786a9", "isDeleted:":"true", "version":"1707564896819"}}
{"logTime": "0216/155000", "correlationVector":"zyK86yb3nNOCTaL/jVvdAT.179","action":"GetUpdates", "result":"DeleteReceived", "context":{"id":"c511e99f-85b0-461c-9e8f-9d74a651b458", "isDeleted:":"true", "version":"1707575513589"}}
{"logTime": "0216/155000", "correlationVector":"zyK86yb3nNOCTaL/jVvdAT.180","action":"GetUpdates", "result":"DeleteReceived", "context":{"id":"84936dcb-c2ab-47a3-b6b3-1cfbf2d9bcc7", "isDeleted:":"true", "version":"1707577143818"}}
{"logTime": "0216/155000", "correlationVector":"zyK86yb3nNOCTaL/jVvdAT.181","action":"GetUpdates", "result":"DeleteReceived", "context":{"id":"8b54328f-76ac-480b-9942-96a0c7f204d7", "isDeleted:":"true", "version":"1707577143820"}}
{"logTime": "0216/155000", "correlationVector":"zyK86yb3nNOCTaL/jVvdAT.182","action":"GetUpdates", "result":"DeleteReceived", "context":{"id":"f969c97b-4443-4b53-bbfa-bcf5d92336ac", "isDeleted:":"true", "version":"1707577521704"}}
{"logTime": "0216/155000", "correlationVector":"zyK86yb3nNOCTaL/jVvdAT.183","action":"GetUpdates", "result":"DeleteReceived", "context":{"id":"a2b66295-6bb5-4d99-99ad-0e8b9c6759b7", "isDeleted:":"true", "version":"1707577551958"}}
{"logTime": "0216/155000", "correlationVector":"zyK86yb3nNOCTaL/jVvdAT.184","action":"GetUpdates", "result":"DeleteReceived", "context":{"id":"27b47067-58eb-4c8d-b001-dbfb0e68582c", "isDeleted:":"true", "version":"1707577849811"}}
{"logTime": "0216/155000", "correlationVector":"zyK86yb3nNOCTaL/jVvdAT.185","action":"GetUpdates", "result":"DeleteReceived", "context":{"id":"253f1bfa-edd9-4875-a947-73bd407aed1f", "isDeleted:":"true", "version":"1707579432625"}}
{"logTime": "0216/155000", "correlationVector":"zyK86yb3nNOCTaL/jVvdAT.186","action":"GetUpdates", "result":"DeleteReceived", "context":{"id":"d1cdeef7-bc84-4791-bd3f-a6b56cfae1f8", "isDeleted:":"true", "version":"1707580210926"}}
{"logTime": "0216/155000", "correlationVector":"zyK86yb3nNOCTaL/jVvdAT.187","action":"GetUpdates", "result":"DeleteReceived", "context":{"id":"e94515d0-8d50-440c-b692-948b84b53e59", "isDeleted:":"true", "version":"1707580294512"}}
{"logTime": "0216/155000", "correlationVector":"zyK86yb3nNOCTaL/jVvdAT.188","action":"GetUpdates", "result":"DeleteReceived", "context":{"id":"edbcfdaa-1693-4f4c-8887-2fd4d57da6ba", "isDeleted:":"true", "version":"1707580930067"}}
{"logTime": "0216/155000", "correlationVector":"zyK86yb3nNOCTaL/jVvdAT.189","action":"GetUpdates", "result":"DeleteReceived", "context":{"id":"283b9a32-1763-4a03-b7ca-e65a97ac302f", "isDeleted:":"true", "version":"1707580930068"}}
{"logTime": "0216/155000", "correlationVector":"zyK86yb3nNOCTaL/jVvdAT.190","action":"GetUpdates", "result":"DeleteReceived", "context":{"id":"8d2495c3-511d-41c7-852c-13a68b128130", "isDeleted:":"true", "version":"1707581035234"}}
{"logTime": "0216/155000", "correlationVector":"zyK86yb3nNOCTaL/jVvdAT.191","action":"GetUpdates", "result":"DeleteReceived", "context":{"id":"d2231faf-ce43-4094-9989-484d37f2be92", "isDeleted:":"true", "version":"1707582655425"}}
{"logTime": "0216/155000", "correlationVector":"zyK86yb3nNOCTaL/jVvdAT.192","action":"GetUpdates", "result":"DeleteReceived", "context":{"id":"0f760544-1f69-4fda-8e22-01ea20a02b60", "isDeleted:":"true", "version":"1707583148140"}}
{"logTime": "0216/155000", "correlationVector":"zyK86yb3nNOCTaL/jVvdAT.193","action":"GetUpdates", "result":"DeleteReceived", "context":{"id":"f9dff3ce-d154-4acf-bcdd-ac2b36be2039", "isDeleted:":"true", "version":"1707611986277"}}
{"logTime": "0216/155000", "correlationVector":"zyK86yb3nNOCTaL/jVvdAT.194","action":"GetUpdates", "result":"DeleteReceived", "context":{"id":"a903fef3-2527-4a56-8eeb-41f1ae499b32", "isDeleted:":"true", "version":"1707611986278"}}
{"logTime": "0216/155000", "correlationVector":"zyK86yb3nNOCTaL/jVvdAT.195","action":"GetUpdates", "result":"DeleteReceived", "context":{"id":"224255ee-bc72-4e48-8a8d-23eed7a7b439", "isDeleted:":"true", "version":"1707611986279"}}
{"logTime": "0216/155000", "correlationVector":"zyK86yb3nNOCTaL/jVvdAT.196","action":"GetUpdates", "result":"DeleteReceived", "context":{"id":"f9b9d50d-99a3-41a1-8756-643acccd7f5b", "isDeleted:":"true", "version":"1707616340424"}}
{"logTime": "0216/155000", "correlationVector":"zyK86yb3nNOCTaL/jVvdAT.197","action":"GetUpdates", "result":"DeleteReceived", "context":{"id":"d6a37242-2cc8-4250-89a4-48f04cd7ce2d", "isDeleted:":"true", "version":"1707617142847"}}
{"logTime": "0216/155000", "correlationVector":"zyK86yb3nNOCTaL/jVvdAT.198","action":"GetUpdates Response", "result":"SERVER_MORE_TO_DOWNLOAD", "context":Received 250 update(s).  Some updates remain.}
{"logTime": "0216/155000", "correlationVector":"LEchW68tVVHSR9FMdJ6UV6","action":"Normal GetUpdate request", "result":"", "context":cV=LEchW68tVVHSR9FMdJ6UV6
Nudged types: Preferences, Sessions, Device Info
Refresh requested types: Bookmarks, Preferences, Passwords, Autofill Profiles, Autofill, Autofill Custom Data, Typed URLs, Extensions, Sessions, Extension settings, History Delete Directives, Device Info, User Consents, Send Tab To Self, Web Apps, Collection, Edge E Drop, Edge Hub App Usage, Edge Wallet, Encryption Keys}
{"logTime": "0216/155000", "correlationVector":"LEchW68tVVHSR9FMdJ6UV6.1","action":"SyncServerConnectionManagerRequest", "result":"SYNC_SERVER_OK", "context":{"environment":"Prod_SoutheastAsia_000j", "migrationStage":"MigrationComplete", "server":"GENERAL0300001P"}}
{"logTime": "0216/155000", "correlationVector":"LEchW68tVVHSR9FMdJ6UV6.2","action":"GetUpdates", "result":"DeleteReceived", "context":{"id":"a96b3953-1020-4f6c-8787-1a844763f91a", "isDeleted:":"true", "version":"1707617753601"}}
{"logTime": "0216/155000", "correlationVector":"LEchW68tVVHSR9FMdJ6UV6.3","action":"GetUpdates", "result":"DeleteReceived", "context":{"id":"3d50b772-8322-46b1-9622-006470c9e343", "isDeleted:":"true", "version":"1707618591072"}}
{"logTime": "0216/155000", "correlationVector":"LEchW68tVVHSR9FMdJ6UV6.4","action":"GetUpdates", "result":"DeleteReceived", "context":{"id":"639d0aff-8a74-47a6-83cb-20f38f9b57ce", "isDeleted:":"true", "version":"1707619043094"}}
{"logTime": "0216/155000", "correlationVector":"LEchW68tVVHSR9FMdJ6UV6.5","action":"GetUpdates", "result":"DeleteReceived", "context":{"id":"efb7be8c-456d-4f92-b3e9-ad27406d56b5", "isDeleted:":"true", "version":"1707619043095"}}
{"logTime": "0216/155000", "correlationVector":"LEchW68tVVHSR9FMdJ6UV6.6","action":"GetUpdates", "result":"DeleteReceived", "context":{"id":"b9441393-b744-4db4-9a00-a2d9c046f7e4", "isDeleted:":"true", "version":"1707620669364"}}
{"logTime": "0216/155000", "correlationVector":"LEchW68tVVHSR9FMdJ6UV6.7","action":"GetUpdates", "result":"DeleteReceived", "context":{"id":"a002aa63-a434-4df7-a5cf-dc85e1396e94", "isDeleted:":"true", "version":"1707622998690"}}
{"logTime": "0216/155000", "correlationVector":"LEchW68tVVHSR9FMdJ6UV6.8","action":"GetUpdates", "result":"DeleteReceived", "context":{"id":"12e6f71d-724e-4de1-a3ac-b671a82e92e9", "isDeleted:":"true", "version":"1707655341506"}}
{"logTime": "0216/155000", "correlationVector":"LEchW68tVVHSR9FMdJ6UV6.9","action":"GetUpdates", "result":"DeleteReceived", "context":{"id":"fa22c15e-e607-409d-9f5b-ab7db89bccf6", "isDeleted:":"true", "version":"1707655341507"}}
{"logTime": "0216/155000", "correlationVector":"LEchW68tVVHSR9FMdJ6UV6.10","action":"GetUpdates", "result":"DeleteReceived", "context":{"id":"4f828a7a-a41c-4c2b-a9e1-46f07f0c676b", "isDeleted:":"true", "version":"1707655341508"}}
{"logTime": "0216/155000", "correlationVector":"LEchW68tVVHSR9FMdJ6UV6.11","action":"GetUpdates", "result":"DeleteReceived", "context":{"id":"05ed61f3-ad71-4de6-8e3c-119593c92819", "isDeleted:":"true", "version":"1707655341509"}}
{"logTime": "0216/155000", "correlationVector":"LEchW68tVVHSR9FMdJ6UV6.12","action":"GetUpdates", "result":"DeleteReceived", "context":{"id":"8d994fa7-f321-4f69-8d5a-b9c21c24cd48", "isDeleted:":"true", "version":"1707655552066"}}
{"logTime": "0216/155000", "correlationVector":"LEchW68tVVHSR9FMdJ6UV6.13","action":"GetUpdates", "result":"DeleteReceived", "context":{"id":"fb6b4c74-a05f-4c11-8194-882a7446392f", "isDeleted:":"true", "version":"1707656820672"}}
{"logTime": "0216/155000", "correlationVector":"LEchW68tVVHSR9FMdJ6UV6.14","action":"GetUpdates", "result":"DeleteReceived", "context":{"id":"a3c7cc6f-ede1-4fc8-991a-56590de430e6", "isDeleted:":"true", "version":"1707658818513"}}
{"logTime": "0216/155000", "correlationVector":"LEchW68tVVHSR9FMdJ6UV6.15","action":"GetUpdates", "result":"DeleteReceived", "context":{"id":"09a13a27-0e23-4a5f-b6df-9bd87db238d3", "isDeleted:":"true", "version":"1707659451479"}}
{"logTime": "0216/155000", "correlationVector":"LEchW68tVVHSR9FMdJ6UV6.16","action":"GetUpdates", "result":"DeleteReceived", "context":{"id":"0789b14a-8bba-4c6d-96e0-4defeb23710e", "isDeleted:":"true", "version":"1707659451480"}}
{"logTime": "0216/155000", "correlationVector":"LEchW68tVVHSR9FMdJ6UV6.17","action":"GetUpdates", "result":"DeleteReceived", "context":{"id":"6b1aa89b-a3ce-4a5c-8651-b1c0f8ff1da2", "isDeleted:":"true", "version":"1707660520389"}}
{"logTime": "0216/155000", "correlationVector":"LEchW68tVVHSR9FMdJ6UV6.18","action":"GetUpdates", "result":"DeleteReceived", "context":{"id":"3bcc890d-3bc8-4aa4-90dc-4520ae935a8f", "isDeleted:":"true", "version":"1707660520391"}}
{"logTime": "0216/155000", "correlationVector":"LEchW68tVVHSR9FMdJ6UV6.19","action":"GetUpdates", "result":"DeleteReceived", "context":{"id":"8f04a993-dbf0-491c-b21d-31cf6db30297", "isDeleted:":"true", "version":"1707662938708"}}
{"logTime": "0216/155000", "correlationVector":"LEchW68tVVHSR9FMdJ6UV6.20","action":"GetUpdates", "result":"DeleteReceived", "context":{"id":"dbb51b90-15c6-4b1d-9dcd-9eee6a2b3037", "isDeleted:":"true", "version":"1707664185619"}}
{"logTime": "0216/155000", "correlationVector":"LEchW68tVVHSR9FMdJ6UV6.21","action":"GetUpdates", "result":"DeleteReceived", "context":{"id":"d2556459-ea40-4380-96ca-3a6f8e7950bb", "isDeleted:":"true", "version":"1707664790156"}}
{"logTime": "0216/155000", "correlationVector":"LEchW68tVVHSR9FMdJ6UV6.22","action":"GetUpdates", "result":"DeleteReceived", "context":{"id":"eccc0289-868c-4faa-8c0c-121ddfc90604", "isDeleted:":"true", "version":"1707666183801"}}
{"logTime": "0216/155000", "correlationVector":"LEchW68tVVHSR9FMdJ6UV6.23","action":"GetUpdates", "result":"DeleteReceived", "context":{"id":"93322dcd-1c78-473a-85c5-f9033752d9f1", "isDeleted:":"true", "version":"1707668010884"}}
{"logTime": "0216/155000", "correlationVector":"LEchW68tVVHSR9FMdJ6UV6.24","action":"GetUpdates", "result":"DeleteReceived", "context":{"id":"b629278f-d30a-4845-8bdb-265cd77d0edf", "isDeleted:":"true", "version":"1707668010885"}}
{"logTime": "0216/155000", "correlationVector":"LEchW68tVVHSR9FMdJ6UV6.25","action":"GetUpdates", "result":"DeleteReceived", "context":{"id":"f7370fb8-43af-46a9-840b-05a51848c33d", "isDeleted:":"true", "version":"1707669395828"}}
{"logTime": "0216/155000", "correlationVector":"LEchW68tVVHSR9FMdJ6UV6.26","action":"GetUpdates", "result":"DeleteReceived", "context":{"id":"88e3dcaa-4c36-42f0-ad22-3770d6043d74", "isDeleted:":"true", "version":"1707669395829"}}
{"logTime": "0216/155000", "correlationVector":"LEchW68tVVHSR9FMdJ6UV6.27","action":"GetUpdates", "result":"DeleteReceived", "context":{"id":"0709b7e6-0103-4b9b-9d8d-48723f604ff0", "isDeleted:":"true", "version":"1707669395830"}}
{"logTime": "0216/155000", "correlationVector":"LEchW68tVVHSR9FMdJ6UV6.28","action":"GetUpdates", "result":"DeleteReceived", "context":{"id":"be6adbb8-3a25-4479-b47a-1e23506e3f79", "isDeleted:":"true", "version":"1707669395831"}}
{"logTime": "0216/155000", "correlationVector":"LEchW68tVVHSR9FMdJ6UV6.29","action":"GetUpdates", "result":"DeleteReceived", "context":{"id":"8ca59114-669d-4aef-8c17-39a0b0b165dd", "isDeleted:":"true", "version":"1707669395834"}}
{"logTime": "0216/155000", "correlationVector":"LEchW68tVVHSR9FMdJ6UV6.30","action":"GetUpdates", "result":"DeleteReceived", "context":{"id":"2ccd0de4-eea8-4819-986c-042dbb9a1631", "isDeleted:":"true", "version":"1707669395836"}}
{"logTime": "0216/155000", "correlationVector":"LEchW68tVVHSR9FMdJ6UV6.31","action":"GetUpdates", "result":"DeleteReceived", "context":{"id":"9407f101-430b-4c18-9514-36ba55d1e8e6", "isDeleted:":"true", "version":"1707669407927"}}
{"logTime": "0216/155000", "correlationVector":"LEchW68tVVHSR9FMdJ6UV6.32","action":"GetUpdates", "result":"DeleteReceived", "context":{"id":"823eec28-0903-4baa-8584-e868132207cb", "isDeleted:":"true", "version":"1707669407928"}}
{"logTime": "0216/155000", "correlationVector":"LEchW68tVVHSR9FMdJ6UV6.33","action":"GetUpdates", "result":"DeleteReceived", "context":{"id":"4c938fe6-1dfb-4226-9137-ee1b7008a9f4", "isDeleted:":"true", "version":"1707669407930"}}
{"logTime": "0216/155000", "correlationVector":"LEchW68tVVHSR9FMdJ6UV6.34","action":"GetUpdates", "result":"DeleteReceived", "context":{"id":"b5da9c3d-0f73-4bb0-b2fb-aced682f6e18", "isDeleted:":"true", "version":"1707669407932"}}
{"logTime": "0216/155000", "correlationVector":"LEchW68tVVHSR9FMdJ6UV6.35","action":"GetUpdates", "result":"DeleteReceived", "context":{"id":"c479fd1b-bc9e-4e04-b3df-c6efeff55228", "isDeleted:":"true", "version":"1707669462400"}}
{"logTime": "0216/155000", "correlationVector":"LEchW68tVVHSR9FMdJ6UV6.36","action":"GetUpdates", "result":"DeleteReceived", "context":{"id":"67cebe14-36b5-43a6-9ac6-e85e456c4ab7", "isDeleted:":"true", "version":"1707698659820"}}
{"logTime": "0216/155000", "correlationVector":"LEchW68tVVHSR9FMdJ6UV6.37","action":"GetUpdates", "result":"DeleteReceived", "context":{"id":"30fbfada-8c1f-49c7-b12d-7574982137e8", "isDeleted:":"true", "version":"1707698659821"}}
{"logTime": "0216/155000", "correlationVector":"LEchW68tVVHSR9FMdJ6UV6.38","action":"GetUpdates", "result":"DeleteReceived", "context":{"id":"5b06fe0a-22f4-4407-9a24-fe345aa62947", "isDeleted:":"true", "version":"1707699762680"}}
{"logTime": "0216/155000", "correlationVector":"LEchW68tVVHSR9FMdJ6UV6.39","action":"GetUpdates", "result":"DeleteReceived", "context":{"id":"8d6c0037-9c65-41a0-b2eb-ce2fde2e9f1d", "isDeleted:":"true", "version":"1707699862782"}}
{"logTime": "0216/155000", "correlationVector":"LEchW68tVVHSR9FMdJ6UV6.40","action":"GetUpdates", "result":"DeleteReceived", "context":{"id":"37795040-d748-4f9f-b283-14e2d8940d31", "isDeleted:":"true", "version":"1707705639870"}}
{"logTime": "0216/155000", "correlationVector":"LEchW68tVVHSR9FMdJ6UV6.41","action":"GetUpdates", "result":"DeleteReceived", "context":{"id":"be7f1c1c-ea0e-46ee-946f-43b68d794edb", "isDeleted:":"true", "version":"1707705639873"}}
{"logTime": "0216/155000", "correlationVector":"LEchW68tVVHSR9FMdJ6UV6.42","action":"GetUpdates", "result":"DeleteReceived", "context":{"id":"d66214e7-9100-4b2c-8491-18c6b8a9522f", "isDeleted:":"true", "version":"1707727878574"}}
{"logTime": "0216/155000", "correlationVector":"LEchW68tVVHSR9FMdJ6UV6.43","action":"GetUpdates", "result":"DeleteReceived", "context":{"id":"23ebd364-f019-479c-b662-0cf54ad6eac5", "isDeleted:":"true", "version":"1707728082623"}}
{"logTime": "0216/155000", "correlationVector":"LEchW68tVVHSR9FMdJ6UV6.44","action":"GetUpdates", "result":"DeleteReceived", "context":{"id":"5d8d8e1b-3738-4cce-a7a4-f6eae0431616", "isDeleted:":"true", "version":"1707729362495"}}
{"logTime": "0216/155000", "correlationVector":"LEchW68tVVHSR9FMdJ6UV6.45","action":"GetUpdates", "result":"DeleteReceived", "context":{"id":"88d948c6-a257-47f3-a280-fcc9dd76edd6", "isDeleted:":"true", "version":"1707729362496"}}
{"logTime": "0216/155000", "correlationVector":"LEchW68tVVHSR9FMdJ6UV6.46","action":"GetUpdates", "result":"DeleteReceived", "context":{"id":"c087b922-7dbf-4e10-bcee-f44abddaf990", "isDeleted:":"true", "version":"1707729978211"}}
{"logTime": "0216/155000", "correlationVector":"LEchW68tVVHSR9FMdJ6UV6.47","action":"GetUpdates", "result":"DeleteReceived", "context":{"id":"1d258148-9e79-4b61-b057-8fd8a677c27b", "isDeleted:":"true", "version":"1707730065590"}}
{"logTime": "0216/155000", "correlationVector":"LEchW68tVVHSR9FMdJ6UV6.48","action":"GetUpdates", "result":"DeleteReceived", "context":{"id":"4cffe973-370f-4d70-934a-e9362cc3d81b", "isDeleted:":"true", "version":"1707741687811"}}
{"logTime": "0216/155000", "correlationVector":"LEchW68tVVHSR9FMdJ6UV6.49","action":"GetUpdates", "result":"DeleteReceived", "context":{"id":"c85d2745-7eea-41b4-b694-6ae7ddb6bc75", "isDeleted:":"true", "version":"1707742724322"}}
{"logTime": "0216/155000", "correlationVector":"LEchW68tVVHSR9FMdJ6UV6.50","action":"GetUpdates", "result":"DeleteReceived", "context":{"id":"379d952f-9bdd-4b41-8f6a-14e6d6934e81", "isDeleted:":"true", "version":"1707743118612"}}
{"logTime": "0216/155000", "correlationVector":"LEchW68tVVHSR9FMdJ6UV6.51","action":"GetUpdates", "result":"DeleteReceived", "context":{"id":"98a1eaca-155d-4ff5-96d3-7388d973a31f", "isDeleted:":"true", "version":"1707743346195"}}
{"logTime": "0216/155000", "correlationVector":"LEchW68tVVHSR9FMdJ6UV6.52","action":"GetUpdates", "result":"DeleteReceived", "context":{"id":"b123f987-753d-4d15-aea3-6324a9959d47", "isDeleted:":"true", "version":"1707743897036"}}
{"logTime": "0216/155000", "correlationVector":"LEchW68tVVHSR9FMdJ6UV6.53","action":"GetUpdates", "result":"DeleteReceived", "context":{"id":"19d3c045-d544-4c8a-9977-704a4f88706a", "isDeleted:":"true", "version":"1707745096887"}}
{"logTime": "0216/155000", "correlationVector":"LEchW68tVVHSR9FMdJ6UV6.54","action":"GetUpdates", "result":"DeleteReceived", "context":{"id":"07fa7a5f-fd7a-4d04-a45e-4821c3de28c4", "isDeleted:":"true", "version":"1707746334720"}}
{"logTime": "0216/155000", "correlationVector":"LEchW68tVVHSR9FMdJ6UV6.55","action":"GetUpdates", "result":"DeleteReceived", "context":{"id":"2eb4cea9-d4bb-41ec-aa55-2b384aa43e4b", "isDeleted:":"true", "version":"1707747775030"}}
{"logTime": "0216/155000", "correlationVector":"LEchW68tVVHSR9FMdJ6UV6.56","action":"GetUpdates", "result":"DeleteReceived", "context":{"id":"9513005d-48aa-444b-be1e-c3a03e5ee92c", "isDeleted:":"true", "version":"1707749600049"}}
{"logTime": "0216/155000", "correlationVector":"LEchW68tVVHSR9FMdJ6UV6.57","action":"GetUpdates", "result":"DeleteReceived", "context":{"id":"2ea07c5f-b2e0-4fbd-ab57-558a31424870", "isDeleted:":"true", "version":"1707750763373"}}
{"logTime": "0216/155000", "correlationVector":"LEchW68tVVHSR9FMdJ6UV6.58","action":"GetUpdates", "result":"DeleteReceived", "context":{"id":"0dccc854-4b2d-4522-bfcf-a8b490c5eb59", "isDeleted:":"true", "version":"1707751558904"}}
{"logTime": "0216/155000", "correlationVector":"LEchW68tVVHSR9FMdJ6UV6.59","action":"GetUpdates", "result":"DeleteReceived", "context":{"id":"ea78e30b-7763-4d8f-ad1f-5ae61a18b6a4", "isDeleted:":"true", "version":"1707752038671"}}
{"logTime": "0216/155000", "correlationVector":"LEchW68tVVHSR9FMdJ6UV6.60","action":"GetUpdates", "result":"DeleteReceived", "context":{"id":"ad7b0d7f-fe03-4bac-b1ec-12849988729c", "isDeleted:":"true", "version":"1707752153687"}}
{"logTime": "0216/155000", "correlationVector":"LEchW68tVVHSR9FMdJ6UV6.61","action":"GetUpdates", "result":"DeleteReceived", "context":{"id":"0fa223b1-c533-485a-bc2b-f7490d7835ba", "isDeleted:":"true", "version":"1707753139594"}}
{"logTime": "0216/155000", "correlationVector":"LEchW68tVVHSR9FMdJ6UV6.62","action":"GetUpdates", "result":"DeleteReceived", "context":{"id":"511bafeb-bbc2-4b27-aa10-712b7fb81341", "isDeleted:":"true", "version":"1707753375587"}}
{"logTime": "0216/155000", "correlationVector":"LEchW68tVVHSR9FMdJ6UV6.63","action":"GetUpdates", "result":"DeleteReceived", "context":{"id":"16fe320e-04af-4f16-a7be-cced60c7b114", "isDeleted:":"true", "version":"1707783455536"}}
{"logTime": "0216/155000", "correlationVector":"LEchW68tVVHSR9FMdJ6UV6.64","action":"GetUpdates", "result":"DeleteReceived", "context":{"id":"fe4ec98a-d019-4c5d-8df5-ab71b296ec80", "isDeleted:":"true", "version":"1707784529134"}}
{"logTime": "0216/155000", "correlationVector":"LEchW68tVVHSR9FMdJ6UV6.65","action":"GetUpdates", "result":"DeleteReceived", "context":{"id":"3b695901-d1fd-4fdf-b8df-4f703b5b6d62", "isDeleted:":"true", "version":"1707784849556"}}
{"logTime": "0216/155000", "correlationVector":"LEchW68tVVHSR9FMdJ6UV6.66","action":"GetUpdates", "result":"DeleteReceived", "context":{"id":"fb95692b-9774-4113-bef5-4b111cfe9916", "isDeleted:":"true", "version":"1707785118099"}}
{"logTime": "0216/155000", "correlationVector":"LEchW68tVVHSR9FMdJ6UV6.67","action":"GetUpdates", "result":"DeleteReceived", "context":{"id":"ca69d50a-5723-49c1-9d99-7ab5a3679d0f", "isDeleted:":"true", "version":"1707786611431"}}
{"logTime": "0216/155000", "correlationVector":"LEchW68tVVHSR9FMdJ6UV6.68","action":"GetUpdates", "result":"DeleteReceived", "context":{"id":"7a976d60-abc1-4eaf-9cec-9cfe9c34d1e7", "isDeleted:":"true", "version":"1707786611432"}}
{"logTime": "0216/155000", "correlationVector":"LEchW68tVVHSR9FMdJ6UV6.69","action":"GetUpdates", "result":"DeleteReceived", "context":{"id":"e6bd36b4-a445-462d-9198-a1144630af6a", "isDeleted:":"true", "version":"1707787020955"}}
{"logTime": "0216/155000", "correlationVector":"LEchW68tVVHSR9FMdJ6UV6.70","action":"GetUpdates", "result":"DeleteReceived", "context":{"id":"b6714e43-224a-469e-afc0-a39f4a8465df", "isDeleted:":"true", "version":"1707787894868"}}
{"logTime": "0216/155000", "correlationVector":"LEchW68tVVHSR9FMdJ6UV6.71","action":"GetUpdates", "result":"DeleteReceived", "context":{"id":"7bf73f2d-0922-482d-9409-47a31a54952d", "isDeleted:":"true", "version":"1707788347034"}}
{"logTime": "0216/155000", "correlationVector":"LEchW68tVVHSR9FMdJ6UV6.72","action":"GetUpdates", "result":"DeleteReceived", "context":{"id":"7852ec07-7ed0-44d2-9bc9-96357289b50c", "isDeleted:":"true", "version":"1707788540213"}}
{"logTime": "0216/155000", "correlationVector":"LEchW68tVVHSR9FMdJ6UV6.73","action":"GetUpdates", "result":"DeleteReceived", "context":{"id":"48e3388c-6cf1-4ae2-9252-373ff5eb8941", "isDeleted:":"true", "version":"1707788540215"}}
{"logTime": "0216/155000", "correlationVector":"LEchW68tVVHSR9FMdJ6UV6.74","action":"GetUpdates", "result":"DeleteReceived", "context":{"id":"32a18cab-587d-4040-b691-42dfeba7dc63", "isDeleted:":"true", "version":"1707789159387"}}
{"logTime": "0216/155000", "correlationVector":"LEchW68tVVHSR9FMdJ6UV6.75","action":"GetUpdates", "result":"DeleteReceived", "context":{"id":"a1facb13-f953-4603-a3eb-136f4044bc1a", "isDeleted:":"true", "version":"1707789193700"}}
{"logTime": "0216/155000", "correlationVector":"LEchW68tVVHSR9FMdJ6UV6.76","action":"GetUpdates", "result":"DeleteReceived", "context":{"id":"9c40c0eb-fb9f-42be-9e29-50b1db565c90", "isDeleted:":"true", "version":"1707789193701"}}
{"logTime": "0216/155000", "correlationVector":"LEchW68tVVHSR9FMdJ6UV6.77","action":"GetUpdates", "result":"DeleteReceived", "context":{"id":"c904adb2-ad54-48f1-8ded-de0e15cd3af5", "isDeleted:":"true", "version":"1707789193703"}}
{"logTime": "0216/155000", "correlationVector":"LEchW68tVVHSR9FMdJ6UV6.78","action":"GetUpdates", "result":"DeleteReceived", "context":{"id":"27690df8-d2c0-42ea-967e-2a79024258dc", "isDeleted:":"true", "version":"1707790389821"}}
{"logTime": "0216/155000", "correlationVector":"LEchW68tVVHSR9FMdJ6UV6.79","action":"GetUpdates", "result":"DeleteReceived", "context":{"id":"64cfe11e-2637-498e-a172-b97bd5e1a400", "isDeleted:":"true", "version":"1707792534078"}}
{"logTime": "0216/155000", "correlationVector":"LEchW68tVVHSR9FMdJ6UV6.80","action":"GetUpdates", "result":"DeleteReceived", "context":{"id":"d4e935a0-ca84-434d-a444-88d3dc90fe06", "isDeleted:":"true", "version":"1707792667862"}}
{"logTime": "0216/155000", "correlationVector":"LEchW68tVVHSR9FMdJ6UV6.81","action":"GetUpdates", "result":"DeleteReceived", "context":{"id":"30b3ec8d-758c-4f6f-85b6-306af1d842ec", "isDeleted:":"true", "version":"1707812092385"}}
{"logTime": "0216/155000", "correlationVector":"LEchW68tVVHSR9FMdJ6UV6.82","action":"GetUpdates", "result":"DeleteReceived", "context":{"id":"492499dc-3caa-4e8d-8856-732ac030da2f", "isDeleted:":"true", "version":"1707825944394"}}
{"logTime": "0216/155000", "correlationVector":"LEchW68tVVHSR9FMdJ6UV6.83","action":"GetUpdates", "result":"DeleteReceived", "context":{"id":"96342511-8e73-440c-be79-bc0a885edca7", "isDeleted:":"true", "version":"1707826224638"}}
{"logTime": "0216/155000", "correlationVector":"LEchW68tVVHSR9FMdJ6UV6.84","action":"GetUpdates", "result":"DeleteReceived", "context":{"id":"77c91c17-6992-42b8-b004-f72ffcef2ed2", "isDeleted:":"true", "version":"1707828226374"}}
{"logTime": "0216/155000", "correlationVector":"LEchW68tVVHSR9FMdJ6UV6.85","action":"GetUpdates", "result":"DeleteReceived", "context":{"id":"489f970a-163d-4af2-a8d4-aa1e370e23a6", "isDeleted:":"true", "version":"1707830399406"}}
{"logTime": "0216/155000", "correlationVector":"LEchW68tVVHSR9FMdJ6UV6.86","action":"GetUpdates", "result":"DeleteReceived", "context":{"id":"6fb9f0c3-a817-4cc7-9d49-9e0f7283c805", "isDeleted:":"true", "version":"1707831179534"}}
{"logTime": "0216/155000", "correlationVector":"LEchW68tVVHSR9FMdJ6UV6.87","action":"GetUpdates", "result":"DeleteReceived", "context":{"id":"f37deb32-a410-4c7e-b955-063b8baf2d9d", "isDeleted:":"true", "version":"1707832942533"}}
{"logTime": "0216/155000", "correlationVector":"LEchW68tVVHSR9FMdJ6UV6.88","action":"GetUpdates", "result":"DeleteReceived", "context":{"id":"4d58e0e4-d027-4fc3-863d-706ac1a3474c", "isDeleted:":"true", "version":"1707833372016"}}
{"logTime": "0216/155000", "correlationVector":"LEchW68tVVHSR9FMdJ6UV6.89","action":"GetUpdates", "result":"DeleteReceived", "context":{"id":"add2a0d1-82c8-4cce-afae-8f76268d137e", "isDeleted:":"true", "version":"1707833525972"}}
{"logTime": "0216/155000", "correlationVector":"LEchW68tVVHSR9FMdJ6UV6.90","action":"GetUpdates", "result":"DeleteReceived", "context":{"id":"466e534f-6eff-4f85-829f-3b40ad29815e", "isDeleted:":"true", "version":"1707834012435"}}
{"logTime": "0216/155000", "correlationVector":"LEchW68tVVHSR9FMdJ6UV6.91","action":"GetUpdates", "result":"DeleteReceived", "context":{"id":"3fed679f-5506-403a-ba1a-6d6a53acd3c5", "isDeleted:":"true", "version":"1707834380822"}}
{"logTime": "0216/155000", "correlationVector":"LEchW68tVVHSR9FMdJ6UV6.92","action":"GetUpdates", "result":"DeleteReceived", "context":{"id":"8a09d63d-6eaf-498c-81e0-cd26c644ac88", "isDeleted:":"true", "version":"1707834650277"}}
{"logTime": "0216/155000", "correlationVector":"LEchW68tVVHSR9FMdJ6UV6.93","action":"GetUpdates", "result":"DeleteReceived", "context":{"id":"12b22cea-0b79-482c-9fd1-13a6562b0fd0", "isDeleted:":"true", "version":"1707837692196"}}
{"logTime": "0216/155000", "correlationVector":"LEchW68tVVHSR9FMdJ6UV6.94","action":"GetUpdates", "result":"DeleteReceived", "context":{"id":"e7ae08a6-0dba-4010-8134-a213d097dc5a", "isDeleted:":"true", "version":"1707838717559"}}
{"logTime": "0216/155000", "correlationVector":"LEchW68tVVHSR9FMdJ6UV6.95","action":"GetUpdates", "result":"DeleteReceived", "context":{"id":"9bc1344a-d872-470b-9304-bbff1e0d41d7", "isDeleted:":"true", "version":"1707840857716"}}
{"logTime": "0216/155000", "correlationVector":"LEchW68tVVHSR9FMdJ6UV6.96","action":"GetUpdates", "result":"DeleteReceived", "context":{"id":"414f247f-e84e-4858-9805-9543587e50a7", "isDeleted:":"true", "version":"1707840930865"}}
{"logTime": "0216/155000", "correlationVector":"LEchW68tVVHSR9FMdJ6UV6.97","action":"GetUpdates", "result":"DeleteReceived", "context":{"id":"ba10dcbf-26b2-45a2-b75c-dc1f68a3dec2", "isDeleted:":"true", "version":"1707840930866"}}
{"logTime": "0216/155000", "correlationVector":"LEchW68tVVHSR9FMdJ6UV6.98","action":"GetUpdates", "result":"DeleteReceived", "context":{"id":"2d9bd9a0-ee10-46d6-8b75-adfe633ce064", "isDeleted:":"true", "version":"1707868038809"}}
{"logTime": "0216/155000", "correlationVector":"LEchW68tVVHSR9FMdJ6UV6.99","action":"GetUpdates", "result":"DeleteReceived", "context":{"id":"a2fd44ad-3f41-49d0-a8c1-4ea68f505ef1", "isDeleted:":"true", "version":"1707868038810"}}
{"logTime": "0216/155000", "correlationVector":"LEchW68tVVHSR9FMdJ6UV6.100","action":"GetUpdates", "result":"DeleteReceived", "context":{"id":"5df5ff18-33e6-4f33-abf5-2a936a2b6064", "isDeleted:":"true", "version":"1707868038811"}}
{"logTime": "0216/155000", "correlationVector":"LEchW68tVVHSR9FMdJ6UV6.101","action":"GetUpdates", "result":"DeleteReceived", "context":{"id":"9b606962-e3ff-415c-92b6-d6d04f4c548a", "isDeleted:":"true", "version":"1707868038814"}}
{"logTime": "0216/155000", "correlationVector":"LEchW68tVVHSR9FMdJ6UV6.102","action":"GetUpdates", "result":"DeleteReceived", "context":{"id":"770d2b93-8946-4f04-a5b0-4ff10dff5f97", "isDeleted:":"true", "version":"1707868038817"}}
{"logTime": "0216/155000", "correlationVector":"LEchW68tVVHSR9FMdJ6UV6.103","action":"GetUpdates", "result":"DeleteReceived", "context":{"id":"3bb959bb-2895-42b2-b2a3-54604df70d91", "isDeleted:":"true", "version":"1707868038818"}}
{"logTime": "0216/155000", "correlationVector":"LEchW68tVVHSR9FMdJ6UV6.104","action":"GetUpdates", "result":"DeleteReceived", "context":{"id":"3978b58b-5535-4482-b4c9-b5f4e47969de", "isDeleted:":"true", "version":"1707868097979"}}
{"logTime": "0216/155000", "correlationVector":"LEchW68tVVHSR9FMdJ6UV6.105","action":"GetUpdates", "result":"DeleteReceived", "context":{"id":"559ffdec-b896-4b1b-9bd5-30d0d6e96ee2", "isDeleted:":"true", "version":"1707871035586"}}
{"logTime": "0216/155000", "correlationVector":"LEchW68tVVHSR9FMdJ6UV6.106","action":"GetUpdates", "result":"DeleteReceived", "context":{"id":"d28fe4e8-43db-4aa3-b8a6-7e3d603ee488", "isDeleted:":"true", "version":"1707871035587"}}
{"logTime": "0216/155000", "correlationVector":"LEchW68tVVHSR9FMdJ6UV6.107","action":"GetUpdates", "result":"DeleteReceived", "context":{"id":"5366bdd0-9fdc-4bbe-9b40-9f53316a1dc0", "isDeleted:":"true", "version":"1707876935502"}}
{"logTime": "0216/155000", "correlationVector":"LEchW68tVVHSR9FMdJ6UV6.108","action":"GetUpdates", "result":"DeleteReceived", "context":{"id":"f5c8b8cc-5cae-4ca7-ba72-c4008688de7a", "isDeleted:":"true", "version":"1707877119596"}}
{"logTime": "0216/155000", "correlationVector":"LEchW68tVVHSR9FMdJ6UV6.109","action":"GetUpdates", "result":"DeleteReceived", "context":{"id":"72ce51c0-6168-40a7-9ae6-3f16962633af", "isDeleted:":"true", "version":"1707877247067"}}
{"logTime": "0216/155000", "correlationVector":"LEchW68tVVHSR9FMdJ6UV6.110","action":"GetUpdates", "result":"DeleteReceived", "context":{"id":"dac8d854-7cfe-4d4a-bda9-deea3c380a91", "isDeleted:":"true", "version":"1707877335652"}}
{"logTime": "0216/155000", "correlationVector":"LEchW68tVVHSR9FMdJ6UV6.111","action":"GetUpdates", "result":"DeleteReceived", "context":{"id":"ccc8cab9-7d12-4fce-885c-af6eea612b33", "isDeleted:":"true", "version":"1707877369620"}}
{"logTime": "0216/155000", "correlationVector":"LEchW68tVVHSR9FMdJ6UV6.112","action":"GetUpdates", "result":"DeleteReceived", "context":{"id":"d605ef47-58f5-4301-82bb-d640420626bf", "isDeleted:":"true", "version":"1707877504871"}}
{"logTime": "0216/155000", "correlationVector":"LEchW68tVVHSR9FMdJ6UV6.113","action":"GetUpdates", "result":"DeleteReceived", "context":{"id":"7dce880d-d560-4ad1-8a7c-2d4b97e5dd68", "isDeleted:":"true", "version":"1707878830246"}}
{"logTime": "0216/155000", "correlationVector":"LEchW68tVVHSR9FMdJ6UV6.114","action":"GetUpdates", "result":"DeleteReceived", "context":{"id":"0caf1843-3d23-48be-ab50-0f65a6aadd4f", "isDeleted:":"true", "version":"1707881307228"}}
{"logTime": "0216/155000", "correlationVector":"LEchW68tVVHSR9FMdJ6UV6.115","action":"GetUpdates", "result":"DeleteReceived", "context":{"id":"aed74b73-2229-4dc6-8e39-535fff1867a7", "isDeleted:":"true", "version":"1707882125947"}}
{"logTime": "0216/155000", "correlationVector":"LEchW68tVVHSR9FMdJ6UV6.116","action":"GetUpdates", "result":"DeleteReceived", "context":{"id":"285359a6-5014-4d91-9bcb-0ff5907703ed", "isDeleted:":"true", "version":"1707882884542"}}
{"logTime": "0216/155000", "correlationVector":"LEchW68tVVHSR9FMdJ6UV6.117","action":"GetUpdates", "result":"DeleteReceived", "context":{"id":"0408ddac-9d97-474b-8fb4-02d48a0d5b6a", "isDeleted:":"true", "version":"1707904593007"}}
{"logTime": "0216/155000", "correlationVector":"LEchW68tVVHSR9FMdJ6UV6.118","action":"GetUpdates", "result":"DeleteReceived", "context":{"id":"2d7ad619-7765-4805-9610-1900a5340276", "isDeleted:":"true", "version":"1707904593008"}}
{"logTime": "0216/155000", "correlationVector":"LEchW68tVVHSR9FMdJ6UV6.119","action":"GetUpdates", "result":"DeleteReceived", "context":{"id":"86b7451d-d99b-4659-bee9-e261778fac6d", "isDeleted:":"true", "version":"1707904653323"}}
{"logTime": "0216/155000", "correlationVector":"LEchW68tVVHSR9FMdJ6UV6.120","action":"GetUpdates", "result":"DeleteReceived", "context":{"id":"b934b9ff-6990-44fe-9ee5-29fc5e2dc8e1", "isDeleted:":"true", "version":"1707912655942"}}
{"logTime": "0216/155000", "correlationVector":"LEchW68tVVHSR9FMdJ6UV6.121","action":"GetUpdates", "result":"DeleteReceived", "context":{"id":"187ab4bd-9448-4373-86ae-d1a108bd4864", "isDeleted:":"true", "version":"1707912655944"}}
{"logTime": "0216/155000", "correlationVector":"LEchW68tVVHSR9FMdJ6UV6.122","action":"GetUpdates", "result":"DeleteReceived", "context":{"id":"3ac3d94c-e25b-4509-acb9-d43ec1e9f1e5", "isDeleted:":"true", "version":"1707912935992"}}
{"logTime": "0216/155000", "correlationVector":"LEchW68tVVHSR9FMdJ6UV6.123","action":"GetUpdates", "result":"DeleteReceived", "context":{"id":"a3075367-96bf-4825-b7b4-94e39115dad6", "isDeleted:":"true", "version":"1707913075083"}}
{"logTime": "0216/155000", "correlationVector":"LEchW68tVVHSR9FMdJ6UV6.124","action":"GetUpdates", "result":"DeleteReceived", "context":{"id":"817e6d30-e5a3-4a9d-8b61-ab638cf9abc4", "isDeleted:":"true", "version":"1707913402175"}}
{"logTime": "0216/155000", "correlationVector":"LEchW68tVVHSR9FMdJ6UV6.125","action":"GetUpdates", "result":"DeleteReceived", "context":{"id":"d7e7275a-4b6c-44dc-9ab6-2ff3b71d63a2", "isDeleted:":"true", "version":"1707913402176"}}
{"logTime": "0216/155000", "correlationVector":"LEchW68tVVHSR9FMdJ6UV6.126","action":"GetUpdates", "result":"DeleteReceived", "context":{"id":"90bf35ee-f3d8-4a52-ac24-5961e5956816", "isDeleted:":"true", "version":"1707914463345"}}
{"logTime": "0216/155000", "correlationVector":"LEchW68tVVHSR9FMdJ6UV6.127","action":"GetUpdates", "result":"DeleteReceived", "context":{"id":"a7195b57-b357-4998-8b91-6684ad61a5f5", "isDeleted:":"true", "version":"1707914538680"}}
{"logTime": "0216/155000", "correlationVector":"LEchW68tVVHSR9FMdJ6UV6.128","action":"GetUpdates", "result":"DeleteReceived", "context":{"id":"6856101e-ce4a-4f2a-abdb-79ee02399ef5", "isDeleted:":"true", "version":"1707914538684"}}
{"logTime": "0216/155000", "correlationVector":"LEchW68tVVHSR9FMdJ6UV6.129","action":"GetUpdates", "result":"DeleteReceived", "context":{"id":"9d423df7-5059-422f-ba62-5d56889b7903", "isDeleted:":"true", "version":"1707914543112"}}
{"logTime": "0216/155000", "correlationVector":"LEchW68tVVHSR9FMdJ6UV6.130","action":"GetUpdates", "result":"DeleteReceived", "context":{"id":"b5cca3a7-cbcf-4c0c-ae6a-6badd22bb8c0", "isDeleted:":"true", "version":"1707914543113"}}
{"logTime": "0216/155000", "correlationVector":"LEchW68tVVHSR9FMdJ6UV6.131","action":"GetUpdates", "result":"DeleteReceived", "context":{"id":"20796fec-6121-4ccf-a4b8-949e0f8121f8", "isDeleted:":"true", "version":"1707916492534"}}
{"logTime": "0216/155000", "correlationVector":"LEchW68tVVHSR9FMdJ6UV6.132","action":"GetUpdates", "result":"DeleteReceived", "context":{"id":"be8568ac-8663-4da5-8124-118d5b2a6e97", "isDeleted:":"true", "version":"1707916511077"}}
{"logTime": "0216/155000", "correlationVector":"LEchW68tVVHSR9FMdJ6UV6.133","action":"GetUpdates", "result":"DeleteReceived", "context":{"id":"e6099eea-9e8d-44b3-a913-b5b23331dd80", "isDeleted:":"true", "version":"1707917694315"}}
{"logTime": "0216/155000", "correlationVector":"LEchW68tVVHSR9FMdJ6UV6.134","action":"GetUpdates", "result":"DeleteReceived", "context":{"id":"2bd3f7cf-f10c-45ba-b8d5-ae0b92052e29", "isDeleted:":"true", "version":"1707917771307"}}
{"logTime": "0216/155000", "correlationVector":"LEchW68tVVHSR9FMdJ6UV6.135","action":"GetUpdates", "result":"DeleteReceived", "context":{"id":"9ed54546-d247-47d4-be07-271696ca31f1", "isDeleted:":"true", "version":"1707917816824"}}
{"logTime": "0216/155000", "correlationVector":"LEchW68tVVHSR9FMdJ6UV6.136","action":"GetUpdates", "result":"DeleteReceived", "context":{"id":"67841d36-5dae-46b1-966f-6c7d1e423f48", "isDeleted:":"true", "version":"1707918045245"}}
{"logTime": "0216/155000", "correlationVector":"LEchW68tVVHSR9FMdJ6UV6.137","action":"GetUpdates", "result":"DeleteReceived", "context":{"id":"dcb5dcef-9503-4f22-b68e-5eeeea94b0db", "isDeleted:":"true", "version":"1707918286921"}}
{"logTime": "0216/155000", "correlationVector":"LEchW68tVVHSR9FMdJ6UV6.138","action":"GetUpdates", "result":"DeleteReceived", "context":{"id":"d3b7e0b5-98e1-439f-b288-9964b1a0cfa7", "isDeleted:":"true", "version":"1707919999298"}}
{"logTime": "0216/155000", "correlationVector":"LEchW68tVVHSR9FMdJ6UV6.139","action":"GetUpdates", "result":"DeleteReceived", "context":{"id":"9cfcf46c-0c55-4de8-9ea3-bdb918899117", "isDeleted:":"true", "version":"1707920183395"}}
{"logTime": "0216/155000", "correlationVector":"LEchW68tVVHSR9FMdJ6UV6.140","action":"GetUpdates", "result":"DeleteReceived", "context":{"id":"f90d44cc-ac47-4daa-a9a1-b8ad0b3b9f5f", "isDeleted:":"true", "version":"1707920204978"}}
{"logTime": "0216/155000", "correlationVector":"LEchW68tVVHSR9FMdJ6UV6.141","action":"GetUpdates", "result":"DeleteReceived", "context":{"id":"a99817a8-3233-4372-a87f-b3f3b08df795", "isDeleted:":"true", "version":"1707920845170"}}
{"logTime": "0216/155000", "correlationVector":"LEchW68tVVHSR9FMdJ6UV6.142","action":"GetUpdates", "result":"DeleteReceived", "context":{"id":"be02d10f-46f1-4c1b-9dad-3a3e4a3e95d6", "isDeleted:":"true", "version":"1707921742896"}}
{"logTime": "0216/155000", "correlationVector":"LEchW68tVVHSR9FMdJ6UV6.143","action":"GetUpdates", "result":"DeleteReceived", "context":{"id":"5c61c892-d438-4711-8137-2f9a1df4400b", "isDeleted:":"true", "version":"1707922803044"}}
{"logTime": "0216/155000", "correlationVector":"LEchW68tVVHSR9FMdJ6UV6.144","action":"GetUpdates", "result":"DeleteReceived", "context":{"id":"a78a0d08-2942-4fdf-abb3-45d5d21132af", "isDeleted:":"true", "version":"1707924664173"}}
{"logTime": "0216/155000", "correlationVector":"LEchW68tVVHSR9FMdJ6UV6.145","action":"GetUpdates", "result":"DeleteReceived", "context":{"id":"d80d0695-6d68-4b89-a226-3547daa2c564", "isDeleted:":"true", "version":"1707924668791"}}
{"logTime": "0216/155000", "correlationVector":"LEchW68tVVHSR9FMdJ6UV6.146","action":"GetUpdates", "result":"DeleteReceived", "context":{"id":"1f4128e0-85d6-47f3-b1df-30697e28afad", "isDeleted:":"true", "version":"1707924892800"}}
{"logTime": "0216/155000", "correlationVector":"LEchW68tVVHSR9FMdJ6UV6.147","action":"GetUpdates", "result":"DeleteReceived", "context":{"id":"c43c9c2a-b105-4fc2-a8f0-490a998e1a3d", "isDeleted:":"true", "version":"1707925001589"}}
{"logTime": "0216/155000", "correlationVector":"LEchW68tVVHSR9FMdJ6UV6.148","action":"GetUpdates", "result":"DeleteReceived", "context":{"id":"fde008ee-c95a-4a94-a33c-6c642bf30711", "isDeleted:":"true", "version":"1707927115621"}}
{"logTime": "0216/155000", "correlationVector":"LEchW68tVVHSR9FMdJ6UV6.149","action":"GetUpdates", "result":"DeleteReceived", "context":{"id":"2a6fbb65-6837-4520-afeb-239b51da70b2", "isDeleted:":"true", "version":"1707947455766"}}
{"logTime": "0216/155000", "correlationVector":"LEchW68tVVHSR9FMdJ6UV6.150","action":"GetUpdates", "result":"DeleteReceived", "context":{"id":"07c39a40-cb98-44bb-9a36-169d24bebd67", "isDeleted:":"true", "version":"1707947455767"}}
{"logTime": "0216/155000", "correlationVector":"LEchW68tVVHSR9FMdJ6UV6.151","action":"GetUpdates", "result":"DeleteReceived", "context":{"id":"787918de-890c-4691-9665-3c5cc45fc1d0", "isDeleted:":"true", "version":"1707947510552"}}
{"logTime": "0216/155000", "correlationVector":"LEchW68tVVHSR9FMdJ6UV6.152","action":"GetUpdates", "result":"DeleteReceived", "context":{"id":"f62d0f91-6c4d-47ca-a9dc-6f22cb98c124", "isDeleted:":"true", "version":"1707959112193"}}
{"logTime": "0216/155000", "correlationVector":"LEchW68tVVHSR9FMdJ6UV6.153","action":"GetUpdates", "result":"DeleteReceived", "context":{"id":"ed1201cb-3aa3-462c-b8f3-4dcd5d14a15d", "isDeleted:":"true", "version":"1707961123837"}}
{"logTime": "0216/155000", "correlationVector":"LEchW68tVVHSR9FMdJ6UV6.154","action":"GetUpdates", "result":"DeleteReceived", "context":{"id":"4814f230-e2d8-45b2-afbe-3a1e31eef88a", "isDeleted:":"true", "version":"1707961352525"}}
{"logTime": "0216/155000", "correlationVector":"LEchW68tVVHSR9FMdJ6UV6.155","action":"GetUpdates", "result":"DeleteReceived", "context":{"id":"acf121b6-9503-4d08-a08a-9eacadd3eb0d", "isDeleted:":"true", "version":"1707962551469"}}
{"logTime": "0216/155000", "correlationVector":"LEchW68tVVHSR9FMdJ6UV6.156","action":"GetUpdates", "result":"DeleteReceived", "context":{"id":"891c799b-e27c-49f6-b3e1-80735d948c4a", "isDeleted:":"true", "version":"1707962614962"}}
{"logTime": "0216/155000", "correlationVector":"LEchW68tVVHSR9FMdJ6UV6.157","action":"GetUpdates", "result":"DeleteReceived", "context":{"id":"e03f9f0c-a60e-4205-b86b-d7827003c208", "isDeleted:":"true", "version":"1707962862256"}}
{"logTime": "0216/155000", "correlationVector":"LEchW68tVVHSR9FMdJ6UV6.158","action":"GetUpdates", "result":"DeleteReceived", "context":{"id":"9efb5b01-9c21-4204-a975-0f9387577133", "isDeleted:":"true", "version":"1707981818749"}}
{"logTime": "0216/155000", "correlationVector":"LEchW68tVVHSR9FMdJ6UV6.159","action":"GetUpdates", "result":"DeleteReceived", "context":{"id":"9f0ee27a-d194-46a3-930f-4574d50e525c", "isDeleted:":"true", "version":"1708000746740"}}
{"logTime": "0216/155000", "correlationVector":"LEchW68tVVHSR9FMdJ6UV6.160","action":"GetUpdates", "result":"DeleteReceived", "context":{"id":"d464bb92-8ce1-4486-8f42-2f36900d64d2", "isDeleted:":"true", "version":"1708001026112"}}
{"logTime": "0216/155000", "correlationVector":"LEchW68tVVHSR9FMdJ6UV6.161","action":"GetUpdates", "result":"DeleteReceived", "context":{"id":"709d5ddb-3d06-4721-8f85-b28c39bee895", "isDeleted:":"true", "version":"1708002805737"}}
{"logTime": "0216/155000", "correlationVector":"LEchW68tVVHSR9FMdJ6UV6.162","action":"GetUpdates", "result":"DeleteReceived", "context":{"id":"fe68322f-562d-4925-a3d6-d1e6bef85838", "isDeleted:":"true", "version":"1708003411692"}}
{"logTime": "0216/155000", "correlationVector":"LEchW68tVVHSR9FMdJ6UV6.163","action":"GetUpdates", "result":"DeleteReceived", "context":{"id":"ae6dc6d1-66ef-4e1a-be2e-f4e43d822e3d", "isDeleted:":"true", "version":"1708003634097"}}
{"logTime": "0216/155000", "correlationVector":"LEchW68tVVHSR9FMdJ6UV6.164","action":"GetUpdates", "result":"DeleteReceived", "context":{"id":"e76913f1-38ed-4a4b-825f-2f2083fd2af6", "isDeleted:":"true", "version":"1708003940174"}}
{"logTime": "0216/155000", "correlationVector":"LEchW68tVVHSR9FMdJ6UV6.165","action":"GetUpdates", "result":"DeleteReceived", "context":{"id":"c540a20b-f176-47e6-b9e3-b4c69c2675cc", "isDeleted:":"true", "version":"1708004890479"}}
{"logTime": "0216/155000", "correlationVector":"LEchW68tVVHSR9FMdJ6UV6.166","action":"GetUpdates", "result":"DeleteReceived", "context":{"id":"679fc991-8e47-4d72-b4db-5b45f8f12ba4", "isDeleted:":"true", "version":"1708006412864"}}
{"logTime": "0216/155000", "correlationVector":"LEchW68tVVHSR9FMdJ6UV6.167","action":"GetUpdates", "result":"DeleteReceived", "context":{"id":"d81d9231-90f6-463f-a139-7fb01b77ae32", "isDeleted:":"true", "version":"1708007679402"}}
{"logTime": "0216/155000", "correlationVector":"LEchW68tVVHSR9FMdJ6UV6.168","action":"GetUpdates", "result":"DeleteReceived", "context":{"id":"92e1baa0-71a0-4834-94f9-81b0f5841179", "isDeleted:":"true", "version":"1708008426934"}}
{"logTime": "0216/155000", "correlationVector":"LEchW68tVVHSR9FMdJ6UV6.169","action":"GetUpdates", "result":"DeleteReceived", "context":{"id":"cb70b9ba-7893-432e-847b-bbb21aa1cadb", "isDeleted:":"true", "version":"1708008426935"}}
{"logTime": "0216/155000", "correlationVector":"LEchW68tVVHSR9FMdJ6UV6.170","action":"GetUpdates", "result":"DeleteReceived", "context":{"id":"1c486b5c-cc3b-4c0d-b267-5f133926f0c5", "isDeleted:":"true", "version":"1708008426936"}}
{"logTime": "0216/155000", "correlationVector":"LEchW68tVVHSR9FMdJ6UV6.171","action":"GetUpdates", "result":"DeleteReceived", "context":{"id":"d2087b84-5a32-4e0a-809b-ba63a68ae524", "isDeleted:":"true", "version":"1708008426937"}}
{"logTime": "0216/155000", "correlationVector":"LEchW68tVVHSR9FMdJ6UV6.172","action":"GetUpdates", "result":"DeleteReceived", "context":{"id":"274eea43-ee47-4002-9317-50440f1508de", "isDeleted:":"true", "version":"1708008426939"}}
{"logTime": "0216/155000", "correlationVector":"LEchW68tVVHSR9FMdJ6UV6.173","action":"GetUpdates", "result":"DeleteReceived", "context":{"id":"bcd672b5-a373-4577-90bc-49e7f7b28d2f", "isDeleted:":"true", "version":"1708008426940"}}
{"logTime": "0216/155000", "correlationVector":"LEchW68tVVHSR9FMdJ6UV6.174","action":"GetUpdates", "result":"DeleteReceived", "context":{"id":"d2d413f6-96a4-48fd-9e9c-e19fde0ab998", "isDeleted:":"true", "version":"1708010524435"}}
{"logTime": "0216/155000", "correlationVector":"LEchW68tVVHSR9FMdJ6UV6.175","action":"GetUpdates", "result":"DeleteReceived", "context":{"id":"5538ae42-1bd9-4f99-b10c-0d7e519c3a87", "isDeleted:":"true", "version":"1708010524436"}}
{"logTime": "0216/155000", "correlationVector":"LEchW68tVVHSR9FMdJ6UV6.176","action":"GetUpdates", "result":"DeleteReceived", "context":{"id":"1e18951b-cc90-457e-a36d-e30af8f57599", "isDeleted:":"true", "version":"1708010524437"}}
{"logTime": "0216/155000", "correlationVector":"LEchW68tVVHSR9FMdJ6UV6.177","action":"GetUpdates", "result":"DeleteReceived", "context":{"id":"267bf714-3880-44f6-8369-97936042eba6", "isDeleted:":"true", "version":"1708011277927"}}
{"logTime": "0216/155000", "correlationVector":"LEchW68tVVHSR9FMdJ6UV6.178","action":"GetUpdates", "result":"DeleteReceived", "context":{"id":"f1226042-f02b-4fb3-bbbe-ae9862b601d3", "isDeleted:":"true", "version":"1708011398747"}}
{"logTime": "0216/155000", "correlationVector":"LEchW68tVVHSR9FMdJ6UV6.179","action":"GetUpdates", "result":"DeleteReceived", "context":{"id":"5355b8c6-0188-4e41-bd10-db2baf3fe58d", "isDeleted:":"true", "version":"1708013404007"}}
{"logTime": "0216/155000", "correlationVector":"LEchW68tVVHSR9FMdJ6UV6.180","action":"GetUpdates", "result":"DeleteReceived", "context":{"id":"45637722-914e-4992-8411-b8a0716f9b8d", "isDeleted:":"true", "version":"1708013404009"}}
{"logTime": "0216/155000", "correlationVector":"LEchW68tVVHSR9FMdJ6UV6.181","action":"GetUpdates", "result":"DeleteReceived", "context":{"id":"471a70ae-d6dd-4b3b-9bca-b800baf51539", "isDeleted:":"true", "version":"1708013814979"}}
{"logTime": "0216/155000", "correlationVector":"LEchW68tVVHSR9FMdJ6UV6.182","action":"GetUpdates", "result":"DeleteReceived", "context":{"id":"cd96f3a5-d71c-45a5-b410-eda5cad7d878", "isDeleted:":"true", "version":"1708013814980"}}
{"logTime": "0216/155000", "correlationVector":"LEchW68tVVHSR9FMdJ6UV6.183","action":"GetUpdates", "result":"DeleteReceived", "context":{"id":"eccb0013-f8a6-4b60-9823-89374d42a11c", "isDeleted:":"true", "version":"1708015448055"}}
{"logTime": "0216/155000", "correlationVector":"LEchW68tVVHSR9FMdJ6UV6.184","action":"GetUpdates", "result":"DeleteReceived", "context":{"id":"03cfd86c-1006-4772-b6ac-1bf2665caec1", "isDeleted:":"true", "version":"1708016445119"}}
{"logTime": "0216/155000", "correlationVector":"LEchW68tVVHSR9FMdJ6UV6.185","action":"GetUpdates", "result":"DeleteReceived", "context":{"id":"99497eb7-53ec-4cb6-8c6f-a0ee8aa67d72", "isDeleted:":"true", "version":"1708068866707"}}
{"logTime": "0216/155000", "correlationVector":"LEchW68tVVHSR9FMdJ6UV6.186","action":"GetUpdates Response", "result":"SERVER_MORE_TO_DOWNLOAD", "context":Received 250 update(s).  Some updates remain.}
{"logTime": "0216/155000", "correlationVector":"9WYO7kTMIJOJtqXGjCB3tp","action":"Normal GetUpdate request", "result":"", "context":cV=9WYO7kTMIJOJtqXGjCB3tp
Nudged types: Preferences, Sessions, Device Info
Refresh requested types: Bookmarks, Preferences, Passwords, Autofill Profiles, Autofill, Autofill Custom Data, Typed URLs, Extensions, Sessions, Extension settings, History Delete Directives, Device Info, User Consents, Send Tab To Self, Web Apps, Collection, Edge E Drop, Edge Hub App Usage, Edge Wallet, Encryption Keys}
{"logTime": "0216/155000", "correlationVector":"9WYO7kTMIJOJtqXGjCB3tp.1","action":"SyncServerConnectionManagerRequest", "result":"SYNC_SERVER_OK", "context":{"environment":"Prod_SoutheastAsia_000j", "migrationStage":"MigrationComplete", "server":"GENERAL0100001B"}}
{"logTime": "0216/155000", "correlationVector":"9WYO7kTMIJOJtqXGjCB3tp.2","action":"GetUpdates", "result":"DeleteReceived", "context":{"id":"a5e68467-dae4-4ede-acb5-da5ca0ec471d", "isDeleted:":"true", "version":"1708068866709"}}
{"logTime": "0216/155000", "correlationVector":"9WYO7kTMIJOJtqXGjCB3tp.3","action":"GetUpdates", "result":"DeleteReceived", "context":{"id":"0683adf0-c1a7-4028-818b-e1a4a0335605", "isDeleted:":"true", "version":"1708087506273"}}
{"logTime": "0216/155000", "correlationVector":"9WYO7kTMIJOJtqXGjCB3tp.4","action":"GetUpdates", "result":"DeleteReceived", "context":{"id":"a4ee0d1f-b8a0-4698-8f6e-6b6c0756579e", "isDeleted:":"true", "version":"1708088260263"}}
{"logTime": "0216/155000", "correlationVector":"9WYO7kTMIJOJtqXGjCB3tp.5","action":"GetUpdates", "result":"DeleteReceived", "context":{"id":"c5173b00-9402-4b13-92ff-a9b60a3103f4", "isDeleted:":"true", "version":"1708088414035"}}
{"logTime": "0216/155000", "correlationVector":"9WYO7kTMIJOJtqXGjCB3tp.6","action":"GetUpdates", "result":"DeleteReceived", "context":{"id":"af12c302-ebcc-41bc-9d64-506f133b5bf3", "isDeleted:":"true", "version":"1708088930719"}}
{"logTime": "0216/155000", "correlationVector":"9WYO7kTMIJOJtqXGjCB3tp.7","action":"GetUpdates", "result":"DeleteReceived", "context":{"id":"d2ffafe1-7864-4866-9981-9b653a662bfe", "isDeleted:":"true", "version":"1708088966635"}}
{"logTime": "0216/155000", "correlationVector":"9WYO7kTMIJOJtqXGjCB3tp.8","action":"GetUpdates", "result":"DeleteReceived", "context":{"id":"576a03bf-e44c-46d3-a31c-4fffea60da7e", "isDeleted:":"true", "version":"1708089415517"}}
{"logTime": "0216/155000", "correlationVector":"9WYO7kTMIJOJtqXGjCB3tp.9","action":"GetUpdates", "result":"DeleteReceived", "context":{"id":"d3002a56-a268-4973-bbcd-5968a0033af7", "isDeleted:":"true", "version":"1708090525362"}}
{"logTime": "0216/155000", "correlationVector":"9WYO7kTMIJOJtqXGjCB3tp.10","action":"GetUpdates", "result":"DeleteReceived", "context":{"id":"583c539d-54c7-43e1-a9d1-0631372736f5", "isDeleted:":"true", "version":"1708091050216"}}
{"logTime": "0216/155000", "correlationVector":"9WYO7kTMIJOJtqXGjCB3tp.11","action":"GetUpdates", "result":"DeleteReceived", "context":{"id":"c3d2b91f-643b-47f0-8884-772e032bce87", "isDeleted:":"true", "version":"1708092358495"}}
{"logTime": "0216/155000", "correlationVector":"9WYO7kTMIJOJtqXGjCB3tp.12","action":"GetUpdates", "result":"DeleteReceived", "context":{"id":"39259226-7bbb-4248-a022-a63e29c6d6bd", "isDeleted:":"true", "version":"1708097177037"}}
{"logTime": "0216/155000", "correlationVector":"9WYO7kTMIJOJtqXGjCB3tp.13","action":"GetUpdates", "result":"DeleteReceived", "context":{"id":"fbc3adaf-e675-4807-95ea-175e20be170f", "isDeleted:":"true", "version":"1708098159468"}}
{"logTime": "0216/155000", "correlationVector":"9WYO7kTMIJOJtqXGjCB3tp.14","action":"GetUpdates", "result":"DeleteReceived", "context":{"id":"9cae5657-3855-480d-8367-149e11909b7e", "isDeleted:":"true", "version":"1708098248534"}}
{"logTime": "0216/155000", "correlationVector":"9WYO7kTMIJOJtqXGjCB3tp.15","action":"GetUpdates Response", "result":"SYNCER_OK", "context":Received 32 update(s). cV=9WYO7kTMIJOJtqXGjCB3tp.0;server=GENERAL0100001B;cloudType=Consumer;environment=Prod_SoutheastAsia_000j;migrationStage=MigrationComplete}
{"logTime": "0216/155000", "correlationVector":"sLiTGEEnL9dqdq67Al/dsy","action":"Commit Request", "result":"", "context":Item count: 1
Contributing types: Device Info}
{"logTime": "0216/155000", "correlationVector":"sLiTGEEnL9dqdq67Al/dsy.1","action":"SyncServerConnectionManagerRequest", "result":"SYNC_SERVER_OK", "context":{"environment":"Prod_SoutheastAsia_000j", "migrationStage":"MigrationComplete", "server":"GENERAL0300002E"}}
{"logTime": "0216/155000", "correlationVector":"sLiTGEEnL9dqdq67Al/dsy.2","action":"Commit Response", "result":"SYNCER_OK", "context":Result: SYNCER_OK. cV=sLiTGEEnL9dqdq67Al/dsy.0;server=GENERAL0300002E;cloudType=Consumer;environment=Prod_SoutheastAsia_000j;migrationStage=MigrationComplete}
{"logTime": "0216/155000", "correlationVector":"L3ZyyzXLMKXlpxpKh1O98G","action":"Commit Request", "result":"", "context":Item count: 8
Contributing types: Autofill, Sessions}
{"logTime": "0216/155000", "correlationVector":"L3ZyyzXLMKXlpxpKh1O98G.1","action":"SyncServerConnectionManagerRequest", "result":"SYNC_SERVER_OK", "context":{"environment":"Prod_SoutheastAsia_000j", "migrationStage":"MigrationComplete", "server":"GENERAL03000020"}}
{"logTime": "0216/155000", "correlationVector":"L3ZyyzXLMKXlpxpKh1O98G.3","action":"Commit.Sessions", "result":"Success", "context":{"id":"4ab08078-45c8-44bf-a6ae-710c00e21042", "isDeleted":"true", "size":"0", "version":"1706978056504"}}
{"logTime": "0216/155000", "correlationVector":"L3ZyyzXLMKXlpxpKh1O98G.2","action":"Commit Response", "result":"SYNCER_OK", "context":Result: SYNCER_OK. cV=L3ZyyzXLMKXlpxpKh1O98G.0;server=GENERAL03000020;cloudType=Consumer;environment=Prod_SoutheastAsia_000j;migrationStage=MigrationComplete}
{"logTime": "0216/155000", "correlationVector":"HF0jGqr2tB/rNCt5hsaJJu","action":"Poll GetUpdate request", "result":"", "context":cV=HF0jGqr2tB/rNCt5hsaJJu}
{"logTime": "0216/155000", "correlationVector":"HF0jGqr2tB/rNCt5hsaJJu.1","action":"SyncServerConnectionManagerRequest", "result":"SYNC_SERVER_OK", "context":{"environment":"Prod_SoutheastAsia_000j", "migrationStage":"MigrationComplete", "server":"GENERAL0100001D"}}
{"logTime": "0216/155000", "correlationVector":"HF0jGqr2tB/rNCt5hsaJJu.2","action":"GetUpdates Response", "result":"SERVER_RETURN_TRANSIENT_ERROR", "context":Received error: SERVER_RETURN_TRANSIENT_ERROR. cV=HF0jGqr2tB/rNCt5hsaJJu.0;server=GENERAL0100001D;cloudType=Consumer;environment=Prod_SoutheastAsia_000j;migrationStage=MigrationComplete}
{"logTime": "0216/155035", "correlationVector":"h4h/fmjrKZg5OqWBaFWqcs","action":"Normal GetUpdate request", "result":"", "context":cV=h4h/fmjrKZg5OqWBaFWqcs
Nudged types: Preferences, Passwords, Autofill, Sessions, Device Info
Notified types: Autofill}
{"logTime": "0216/155035", "correlationVector":"h4h/fmjrKZg5OqWBaFWqcs.1","action":"SyncServerConnectionManagerRequest", "result":"SYNC_SERVER_OK", "context":{"environment":"Prod_SoutheastAsia_000j", "migrationStage":"MigrationComplete", "server":"GENERAL0100001C"}}
{"logTime": "0216/155035", "correlationVector":"h4h/fmjrKZg5OqWBaFWqcs.2","action":"GetUpdates", "result":"DeleteReceived", "context":{"id":"4ab08078-45c8-44bf-a6ae-710c00e21042", "isDeleted:":"true", "version":"1708098562003"}}
{"logTime": "0216/155035", "correlationVector":"h4h/fmjrKZg5OqWBaFWqcs.3","action":"GetUpdates Response", "result":"SYNCER_OK", "context":Received 9 update(s). cV=h4h/fmjrKZg5OqWBaFWqcs.0;server=GENERAL0100001C;cloudType=Consumer;environment=Prod_SoutheastAsia_000j;migrationStage=MigrationComplete}
{"logTime": "0216/155035", "correlationVector":"1fp33+UHlvkHor4uxM0DXn","action":"Commit Request", "result":"", "context":Item count: 20
Contributing types: Passwords}
{"logTime": "0216/155042", "correlationVector":"1fp33+UHlvkHor4uxM0DXn.1","action":"SyncServerConnectionManagerRequest", "result":"SYNC_SERVER_OK", "context":{"environment":"Prod_SoutheastAsia_000j", "migrationStage":"MigrationComplete", "server":"GENERAL03000018"}}
{"logTime": "0216/155042", "correlationVector":"1fp33+UHlvkHor4uxM0DXn.2","action":"Commit Response", "result":"SYNCER_OK", "context":Result: SYNCER_OK. cV=1fp33+UHlvkHor4uxM0DXn.0;server=GENERAL03000018;cloudType=Consumer;environment=Prod_SoutheastAsia_000j;migrationStage=MigrationComplete}
{"logTime": "0216/155042", "correlationVector":"xpFRVV1bdXmdhtc1Dutsuw","action":"Commit Request", "result":"", "context":Item count: 20
Contributing types: Passwords}
{"logTime": "0216/155049", "correlationVector":"xpFRVV1bdXmdhtc1Dutsuw.1","action":"SyncServerConnectionManagerRequest", "result":"SYNC_SERVER_OK", "context":{"environment":"Prod_SoutheastAsia_000j", "migrationStage":"MigrationComplete", "server":"GENERAL0300000N"}}
{"logTime": "0216/155049", "correlationVector":"xpFRVV1bdXmdhtc1Dutsuw.2","action":"Commit Response", "result":"SYNCER_OK", "context":Result: SYNCER_OK. cV=xpFRVV1bdXmdhtc1Dutsuw.0;server=GENERAL0300000N;cloudType=Consumer;environment=Prod_SoutheastAsia_000j;migrationStage=MigrationComplete}
{"logTime": "0216/155049", "correlationVector":"haaLGLm9Qbxf4Y25YdgDB6","action":"Commit Request", "result":"", "context":Item count: 20
Contributing types: Passwords}
{"logTime": "0216/155056", "correlationVector":"haaLGLm9Qbxf4Y25YdgDB6.1","action":"SyncServerConnectionManagerRequest", "result":"SYNC_SERVER_OK", "context":{"environment":"Prod_SoutheastAsia_000j", "migrationStage":"MigrationComplete", "server":"GENERAL0100001B"}}
{"logTime": "0216/155056", "correlationVector":"haaLGLm9Qbxf4Y25YdgDB6.2","action":"Commit Response", "result":"SYNCER_OK", "context":Result: SYNCER_OK. cV=haaLGLm9Qbxf4Y25YdgDB6.0;server=GENERAL0100001B;cloudType=Consumer;environment=Prod_SoutheastAsia_000j;migrationStage=MigrationComplete}
{"logTime": "0216/155056", "correlationVector":"7HdIhtcqi3Z6KfHy24tzA+","action":"Commit Request", "result":"", "context":Item count: 12
Contributing types: Passwords}
{"logTime": "0216/155101", "correlationVector":"7HdIhtcqi3Z6KfHy24tzA+.1","action":"SyncServerConnectionManagerRequest", "result":"SYNC_SERVER_OK", "context":{"environment":"Prod_SoutheastAsia_000j", "migrationStage":"MigrationComplete", "server":"GENERAL0100000T"}}
{"logTime": "0216/155101", "correlationVector":"7HdIhtcqi3Z6KfHy24tzA+.2","action":"Commit Response", "result":"SYNCER_OK", "context":Result: SYNCER_OK. cV=7HdIhtcqi3Z6KfHy24tzA+.0;server=GENERAL0100000T;cloudType=Consumer;environment=Prod_SoutheastAsia_000j;migrationStage=MigrationComplete}
{"logTime": "0216/155101", "correlationVector":"qHzOwxSXDr8h/inpr4zNt5","action":"Commit Request", "result":"", "context":Item count: 2
Contributing types: Preferences, Sessions}
{"logTime": "0216/155101", "correlationVector":"qHzOwxSXDr8h/inpr4zNt5.1","action":"SyncServerConnectionManagerRequest", "result":"SYNC_SERVER_OK", "context":{"environment":"Prod_SoutheastAsia_000j", "migrationStage":"MigrationComplete", "server":"GENERAL0100001F"}}
{"logTime": "0216/155101", "correlationVector":"qHzOwxSXDr8h/inpr4zNt5.2","action":"Commit Response", "result":"SYNCER_OK", "context":Result: SYNCER_OK. cV=qHzOwxSXDr8h/inpr4zNt5.0;server=GENERAL0100001F;cloudType=Consumer;environment=Prod_SoutheastAsia_000j;migrationStage=MigrationComplete}
{"logTime": "0216/155101", "correlationVector":"p4M0aJCJLd3NwJuwMMhCOk","action":"Poll GetUpdate request", "result":"", "context":cV=p4M0aJCJLd3NwJuwMMhCOk}
{"logTime": "0216/155102", "correlationVector":"p4M0aJCJLd3NwJuwMMhCOk.1","action":"SyncServerConnectionManagerRequest", "result":"SYNC_SERVER_OK", "context":{"environment":"Prod_SoutheastAsia_000j", "migrationStage":"MigrationComplete", "server":"GENERAL0300001F"}}
{"logTime": "0216/155102", "correlationVector":"p4M0aJCJLd3NwJuwMMhCOk.2","action":"GetUpdates Response", "result":"SYNCER_OK", "context":Received 74 update(s). cV=p4M0aJCJLd3NwJuwMMhCOk.0;server=GENERAL0300001F;cloudType=Consumer;environment=Prod_SoutheastAsia_000j;migrationStage=MigrationComplete}
{"logTime": "0216/155443", "correlationVector":"gnCgzzAE0L+zf9zk6Dbxa7","action":"Normal GetUpdate request", "result":"", "context":cV=gnCgzzAE0L+zf9zk6Dbxa7
Nudged types: Preferences
Refresh requested types: Bookmarks, Preferences, Passwords, Autofill Profiles, Autofill, Autofill Custom Data, Typed URLs, Extensions, Sessions, Extension settings, History Delete Directives, Device Info, User Consents, Send Tab To Self, Web Apps, Collection, Edge E Drop, Edge Hub App Usage, Edge Wallet, Encryption Keys}
{"logTime": "0216/155443", "correlationVector":"gnCgzzAE0L+zf9zk6Dbxa7.1","action":"SyncServerConnectionManagerRequest", "result":"SYNC_SERVER_OK", "context":{"environment":"Prod_SoutheastAsia_000j", "migrationStage":"MigrationComplete", "server":"GENERAL0300002E"}}
{"logTime": "0216/155443", "correlationVector":"gnCgzzAE0L+zf9zk6Dbxa7.2","action":"GetUpdates Response", "result":"SYNCER_OK", "context":Received 1 update(s). cV=gnCgzzAE0L+zf9zk6Dbxa7.0;server=GENERAL0300002E;cloudType=Consumer;environment=Prod_SoutheastAsia_000j;migrationStage=MigrationComplete}
{"logTime": "0216/155443", "correlationVector":"3sMzivJeePuHboNDKMquIy","action":"Commit Request", "result":"", "context":Item count: 1
Contributing types: Preferences}
{"logTime": "0216/155444", "correlationVector":"3sMzivJeePuHboNDKMquIy.1","action":"SyncServerConnectionManagerRequest", "result":"SYNC_SERVER_OK", "context":{"environment":"Prod_SoutheastAsia_000j", "migrationStage":"MigrationComplete", "server":"GENERAL0300001X"}}
{"logTime": "0216/155444", "correlationVector":"3sMzivJeePuHboNDKMquIy.2","action":"Commit Response", "result":"SYNCER_OK", "context":Result: SYNCER_OK. cV=3sMzivJeePuHboNDKMquIy.0;server=GENERAL0300001X;cloudType=Consumer;environment=Prod_SoutheastAsia_000j;migrationStage=MigrationComplete}
{"logTime": "0216/155516", "correlationVector":"qO69XN5rWozzob2u0nYxlu","action":"Normal GetUpdate request", "result":"", "context":cV=qO69XN5rWozzob2u0nYxlu
Notified types: Preferences}
{"logTime": "0216/155516", "correlationVector":"qO69XN5rWozzob2u0nYxlu.1","action":"SyncServerConnectionManagerRequest", "result":"SYNC_SERVER_OK", "context":{"environment":"Prod_SoutheastAsia_000j", "migrationStage":"MigrationComplete", "server":"GENERAL01000002"}}
{"logTime": "0216/155516", "correlationVector":"qO69XN5rWozzob2u0nYxlu.2","action":"GetUpdates Response", "result":"SYNCER_OK", "context":Received 4 update(s). cV=qO69XN5rWozzob2u0nYxlu.0;server=GENERAL01000002;cloudType=Consumer;environment=Prod_SoutheastAsia_000j;migrationStage=MigrationComplete}
